
*** Running vivado
    with args -log system_mig_7series_0_0.vds -m64 -product Vivado -mode batch -messageDb vivado.pb -notrace -source system_mig_7series_0_0.tcl


****** Vivado v2016.4 (64-bit)
  **** SW Build 1756540 on Mon Jan 23 19:11:23 MST 2017
  **** IP Build 1755317 on Mon Jan 23 20:30:07 MST 2017
    ** Copyright 1986-2016 Xilinx, Inc. All Rights Reserved.

source system_mig_7series_0_0.tcl -notrace
Starting RTL Elaboration : Time (s): cpu = 00:00:12 ; elapsed = 00:00:17 . Memory (MB): peak = 336.348 ; gain = 127.078
INFO: [Synth 8-638] synthesizing module 'system_mig_7series_0_0' [e:/datafiles/emilia/kitchen/modification/rev1/rev1.srcs/sources_1/bd/system/ip/system_mig_7series_0_0/system_mig_7series_0_0/user_design/rtl/system_mig_7series_0_0.v:70]
INFO: [Synth 8-638] synthesizing module 'system_mig_7series_0_0_mig' [e:/datafiles/emilia/kitchen/modification/rev1/rev1.srcs/sources_1/bd/system/ip/system_mig_7series_0_0/system_mig_7series_0_0/user_design/rtl/system_mig_7series_0_0_mig.v:75]
INFO: [Synth 8-638] synthesizing module 'mig_7series_v4_0_tempmon' [e:/datafiles/emilia/kitchen/modification/rev1/rev1.srcs/sources_1/bd/system/ip/system_mig_7series_0_0/system_mig_7series_0_0/user_design/rtl/clocking/mig_7series_v4_0_tempmon.v:69]
INFO: [Synth 8-638] synthesizing module 'XADC' [D:/xilinx/Vivado/2016.4/scripts/rt/data/unisim_comp.v:45150]
INFO: [Synth 8-256] done synthesizing module 'XADC' (1#1) [D:/xilinx/Vivado/2016.4/scripts/rt/data/unisim_comp.v:45150]
INFO: [Synth 8-256] done synthesizing module 'mig_7series_v4_0_tempmon' (2#1) [e:/datafiles/emilia/kitchen/modification/rev1/rev1.srcs/sources_1/bd/system/ip/system_mig_7series_0_0/system_mig_7series_0_0/user_design/rtl/clocking/mig_7series_v4_0_tempmon.v:69]
INFO: [Synth 8-638] synthesizing module 'mig_7series_v4_0_iodelay_ctrl' [e:/datafiles/emilia/kitchen/modification/rev1/rev1.srcs/sources_1/bd/system/ip/system_mig_7series_0_0/system_mig_7series_0_0/user_design/rtl/clocking/mig_7series_v4_0_iodelay_ctrl.v:80]
INFO: [Synth 8-638] synthesizing module 'IDELAYCTRL' [D:/xilinx/Vivado/2016.4/scripts/rt/data/unisim_comp.v:16182]
INFO: [Synth 8-256] done synthesizing module 'IDELAYCTRL' (3#1) [D:/xilinx/Vivado/2016.4/scripts/rt/data/unisim_comp.v:16182]
INFO: [Synth 8-256] done synthesizing module 'mig_7series_v4_0_iodelay_ctrl' (4#1) [e:/datafiles/emilia/kitchen/modification/rev1/rev1.srcs/sources_1/bd/system/ip/system_mig_7series_0_0/system_mig_7series_0_0/user_design/rtl/clocking/mig_7series_v4_0_iodelay_ctrl.v:80]
INFO: [Synth 8-638] synthesizing module 'mig_7series_v4_0_clk_ibuf' [e:/datafiles/emilia/kitchen/modification/rev1/rev1.srcs/sources_1/bd/system/ip/system_mig_7series_0_0/system_mig_7series_0_0/user_design/rtl/clocking/mig_7series_v4_0_clk_ibuf.v:68]
INFO: [Synth 8-256] done synthesizing module 'mig_7series_v4_0_clk_ibuf' (5#1) [e:/datafiles/emilia/kitchen/modification/rev1/rev1.srcs/sources_1/bd/system/ip/system_mig_7series_0_0/system_mig_7series_0_0/user_design/rtl/clocking/mig_7series_v4_0_clk_ibuf.v:68]
INFO: [Synth 8-638] synthesizing module 'mig_7series_v4_0_infrastructure' [e:/datafiles/emilia/kitchen/modification/rev1/rev1.srcs/sources_1/bd/system/ip/system_mig_7series_0_0/system_mig_7series_0_0/user_design/rtl/clocking/mig_7series_v4_0_infrastructure.v:78]
INFO: [Synth 8-638] synthesizing module 'MMCME2_ADV' [D:/xilinx/Vivado/2016.4/scripts/rt/data/unisim_comp.v:20414]
INFO: [Synth 8-256] done synthesizing module 'MMCME2_ADV' (6#1) [D:/xilinx/Vivado/2016.4/scripts/rt/data/unisim_comp.v:20414]
INFO: [Synth 8-638] synthesizing module 'BUFG' [D:/xilinx/Vivado/2016.4/scripts/rt/data/unisim_comp.v:607]
INFO: [Synth 8-256] done synthesizing module 'BUFG' (7#1) [D:/xilinx/Vivado/2016.4/scripts/rt/data/unisim_comp.v:607]
INFO: [Synth 8-638] synthesizing module 'PLLE2_ADV' [D:/xilinx/Vivado/2016.4/scripts/rt/data/unisim_comp.v:32674]
INFO: [Synth 8-256] done synthesizing module 'PLLE2_ADV' (8#1) [D:/xilinx/Vivado/2016.4/scripts/rt/data/unisim_comp.v:32674]
INFO: [Synth 8-638] synthesizing module 'BUFH' [D:/xilinx/Vivado/2016.4/scripts/rt/data/unisim_comp.v:806]
INFO: [Synth 8-256] done synthesizing module 'BUFH' (9#1) [D:/xilinx/Vivado/2016.4/scripts/rt/data/unisim_comp.v:806]
INFO: [Synth 8-256] done synthesizing module 'mig_7series_v4_0_infrastructure' (10#1) [e:/datafiles/emilia/kitchen/modification/rev1/rev1.srcs/sources_1/bd/system/ip/system_mig_7series_0_0/system_mig_7series_0_0/user_design/rtl/clocking/mig_7series_v4_0_infrastructure.v:78]
INFO: [Synth 8-638] synthesizing module 'mig_7series_v4_0_memc_ui_top_axi' [e:/datafiles/emilia/kitchen/modification/rev1/rev1.srcs/sources_1/bd/system/ip/system_mig_7series_0_0/system_mig_7series_0_0/user_design/rtl/ip_top/mig_7series_v4_0_memc_ui_top_axi.v:72]
INFO: [Synth 8-638] synthesizing module 'mig_7series_v4_0_mem_intfc' [e:/datafiles/emilia/kitchen/modification/rev1/rev1.srcs/sources_1/bd/system/ip/system_mig_7series_0_0/system_mig_7series_0_0/user_design/rtl/ip_top/mig_7series_v4_0_mem_intfc.v:70]
INFO: [Synth 8-638] synthesizing module 'mig_7series_v4_0_mc' [e:/datafiles/emilia/kitchen/modification/rev1/rev1.srcs/sources_1/bd/system/ip/system_mig_7series_0_0/system_mig_7series_0_0/user_design/rtl/controller/mig_7series_v4_0_mc.v:73]
INFO: [Synth 8-638] synthesizing module 'mig_7series_v4_0_rank_mach' [e:/datafiles/emilia/kitchen/modification/rev1/rev1.srcs/sources_1/bd/system/ip/system_mig_7series_0_0/system_mig_7series_0_0/user_design/rtl/controller/mig_7series_v4_0_rank_mach.v:71]
INFO: [Synth 8-638] synthesizing module 'mig_7series_v4_0_rank_cntrl' [e:/datafiles/emilia/kitchen/modification/rev1/rev1.srcs/sources_1/bd/system/ip/system_mig_7series_0_0/system_mig_7series_0_0/user_design/rtl/controller/mig_7series_v4_0_rank_cntrl.v:79]
INFO: [Synth 8-638] synthesizing module 'SRLC32E' [D:/xilinx/Vivado/2016.4/scripts/rt/data/unisim_comp.v:43478]
INFO: [Synth 8-256] done synthesizing module 'SRLC32E' (11#1) [D:/xilinx/Vivado/2016.4/scripts/rt/data/unisim_comp.v:43478]
INFO: [Synth 8-256] done synthesizing module 'mig_7series_v4_0_rank_cntrl' (12#1) [e:/datafiles/emilia/kitchen/modification/rev1/rev1.srcs/sources_1/bd/system/ip/system_mig_7series_0_0/system_mig_7series_0_0/user_design/rtl/controller/mig_7series_v4_0_rank_cntrl.v:79]
INFO: [Synth 8-638] synthesizing module 'mig_7series_v4_0_rank_common' [e:/datafiles/emilia/kitchen/modification/rev1/rev1.srcs/sources_1/bd/system/ip/system_mig_7series_0_0/system_mig_7series_0_0/user_design/rtl/controller/mig_7series_v4_0_rank_common.v:72]
INFO: [Synth 8-638] synthesizing module 'mig_7series_v4_0_round_robin_arb' [e:/datafiles/emilia/kitchen/modification/rev1/rev1.srcs/sources_1/bd/system/ip/system_mig_7series_0_0/system_mig_7series_0_0/user_design/rtl/controller/mig_7series_v4_0_round_robin_arb.v:121]
INFO: [Synth 8-256] done synthesizing module 'mig_7series_v4_0_round_robin_arb' (13#1) [e:/datafiles/emilia/kitchen/modification/rev1/rev1.srcs/sources_1/bd/system/ip/system_mig_7series_0_0/system_mig_7series_0_0/user_design/rtl/controller/mig_7series_v4_0_round_robin_arb.v:121]
INFO: [Synth 8-638] synthesizing module 'mig_7series_v4_0_round_robin_arb__parameterized0' [e:/datafiles/emilia/kitchen/modification/rev1/rev1.srcs/sources_1/bd/system/ip/system_mig_7series_0_0/system_mig_7series_0_0/user_design/rtl/controller/mig_7series_v4_0_round_robin_arb.v:121]
INFO: [Synth 8-256] done synthesizing module 'mig_7series_v4_0_round_robin_arb__parameterized0' (13#1) [e:/datafiles/emilia/kitchen/modification/rev1/rev1.srcs/sources_1/bd/system/ip/system_mig_7series_0_0/system_mig_7series_0_0/user_design/rtl/controller/mig_7series_v4_0_round_robin_arb.v:121]
INFO: [Synth 8-256] done synthesizing module 'mig_7series_v4_0_rank_common' (14#1) [e:/datafiles/emilia/kitchen/modification/rev1/rev1.srcs/sources_1/bd/system/ip/system_mig_7series_0_0/system_mig_7series_0_0/user_design/rtl/controller/mig_7series_v4_0_rank_common.v:72]
INFO: [Synth 8-256] done synthesizing module 'mig_7series_v4_0_rank_mach' (15#1) [e:/datafiles/emilia/kitchen/modification/rev1/rev1.srcs/sources_1/bd/system/ip/system_mig_7series_0_0/system_mig_7series_0_0/user_design/rtl/controller/mig_7series_v4_0_rank_mach.v:71]
INFO: [Synth 8-638] synthesizing module 'mig_7series_v4_0_bank_mach' [e:/datafiles/emilia/kitchen/modification/rev1/rev1.srcs/sources_1/bd/system/ip/system_mig_7series_0_0/system_mig_7series_0_0/user_design/rtl/controller/mig_7series_v4_0_bank_mach.v:72]
INFO: [Synth 8-638] synthesizing module 'mig_7series_v4_0_bank_cntrl' [e:/datafiles/emilia/kitchen/modification/rev1/rev1.srcs/sources_1/bd/system/ip/system_mig_7series_0_0/system_mig_7series_0_0/user_design/rtl/controller/mig_7series_v4_0_bank_cntrl.v:70]
INFO: [Synth 8-638] synthesizing module 'mig_7series_v4_0_bank_compare' [e:/datafiles/emilia/kitchen/modification/rev1/rev1.srcs/sources_1/bd/system/ip/system_mig_7series_0_0/system_mig_7series_0_0/user_design/rtl/controller/mig_7series_v4_0_bank_compare.v:74]
INFO: [Synth 8-256] done synthesizing module 'mig_7series_v4_0_bank_compare' (16#1) [e:/datafiles/emilia/kitchen/modification/rev1/rev1.srcs/sources_1/bd/system/ip/system_mig_7series_0_0/system_mig_7series_0_0/user_design/rtl/controller/mig_7series_v4_0_bank_compare.v:74]
INFO: [Synth 8-638] synthesizing module 'mig_7series_v4_0_bank_state' [e:/datafiles/emilia/kitchen/modification/rev1/rev1.srcs/sources_1/bd/system/ip/system_mig_7series_0_0/system_mig_7series_0_0/user_design/rtl/controller/mig_7series_v4_0_bank_state.v:141]
INFO: [Synth 8-256] done synthesizing module 'mig_7series_v4_0_bank_state' (17#1) [e:/datafiles/emilia/kitchen/modification/rev1/rev1.srcs/sources_1/bd/system/ip/system_mig_7series_0_0/system_mig_7series_0_0/user_design/rtl/controller/mig_7series_v4_0_bank_state.v:141]
INFO: [Synth 8-638] synthesizing module 'mig_7series_v4_0_bank_queue' [e:/datafiles/emilia/kitchen/modification/rev1/rev1.srcs/sources_1/bd/system/ip/system_mig_7series_0_0/system_mig_7series_0_0/user_design/rtl/controller/mig_7series_v4_0_bank_queue.v:174]
INFO: [Synth 8-256] done synthesizing module 'mig_7series_v4_0_bank_queue' (18#1) [e:/datafiles/emilia/kitchen/modification/rev1/rev1.srcs/sources_1/bd/system/ip/system_mig_7series_0_0/system_mig_7series_0_0/user_design/rtl/controller/mig_7series_v4_0_bank_queue.v:174]
INFO: [Synth 8-256] done synthesizing module 'mig_7series_v4_0_bank_cntrl' (19#1) [e:/datafiles/emilia/kitchen/modification/rev1/rev1.srcs/sources_1/bd/system/ip/system_mig_7series_0_0/system_mig_7series_0_0/user_design/rtl/controller/mig_7series_v4_0_bank_cntrl.v:70]
INFO: [Synth 8-638] synthesizing module 'mig_7series_v4_0_bank_cntrl__parameterized0' [e:/datafiles/emilia/kitchen/modification/rev1/rev1.srcs/sources_1/bd/system/ip/system_mig_7series_0_0/system_mig_7series_0_0/user_design/rtl/controller/mig_7series_v4_0_bank_cntrl.v:70]
INFO: [Synth 8-638] synthesizing module 'mig_7series_v4_0_bank_state__parameterized0' [e:/datafiles/emilia/kitchen/modification/rev1/rev1.srcs/sources_1/bd/system/ip/system_mig_7series_0_0/system_mig_7series_0_0/user_design/rtl/controller/mig_7series_v4_0_bank_state.v:141]
INFO: [Synth 8-256] done synthesizing module 'mig_7series_v4_0_bank_state__parameterized0' (19#1) [e:/datafiles/emilia/kitchen/modification/rev1/rev1.srcs/sources_1/bd/system/ip/system_mig_7series_0_0/system_mig_7series_0_0/user_design/rtl/controller/mig_7series_v4_0_bank_state.v:141]
INFO: [Synth 8-638] synthesizing module 'mig_7series_v4_0_bank_queue__parameterized0' [e:/datafiles/emilia/kitchen/modification/rev1/rev1.srcs/sources_1/bd/system/ip/system_mig_7series_0_0/system_mig_7series_0_0/user_design/rtl/controller/mig_7series_v4_0_bank_queue.v:174]
INFO: [Synth 8-256] done synthesizing module 'mig_7series_v4_0_bank_queue__parameterized0' (19#1) [e:/datafiles/emilia/kitchen/modification/rev1/rev1.srcs/sources_1/bd/system/ip/system_mig_7series_0_0/system_mig_7series_0_0/user_design/rtl/controller/mig_7series_v4_0_bank_queue.v:174]
INFO: [Synth 8-256] done synthesizing module 'mig_7series_v4_0_bank_cntrl__parameterized0' (19#1) [e:/datafiles/emilia/kitchen/modification/rev1/rev1.srcs/sources_1/bd/system/ip/system_mig_7series_0_0/system_mig_7series_0_0/user_design/rtl/controller/mig_7series_v4_0_bank_cntrl.v:70]
INFO: [Synth 8-638] synthesizing module 'mig_7series_v4_0_bank_cntrl__parameterized1' [e:/datafiles/emilia/kitchen/modification/rev1/rev1.srcs/sources_1/bd/system/ip/system_mig_7series_0_0/system_mig_7series_0_0/user_design/rtl/controller/mig_7series_v4_0_bank_cntrl.v:70]
INFO: [Synth 8-638] synthesizing module 'mig_7series_v4_0_bank_state__parameterized1' [e:/datafiles/emilia/kitchen/modification/rev1/rev1.srcs/sources_1/bd/system/ip/system_mig_7series_0_0/system_mig_7series_0_0/user_design/rtl/controller/mig_7series_v4_0_bank_state.v:141]
INFO: [Synth 8-256] done synthesizing module 'mig_7series_v4_0_bank_state__parameterized1' (19#1) [e:/datafiles/emilia/kitchen/modification/rev1/rev1.srcs/sources_1/bd/system/ip/system_mig_7series_0_0/system_mig_7series_0_0/user_design/rtl/controller/mig_7series_v4_0_bank_state.v:141]
INFO: [Synth 8-638] synthesizing module 'mig_7series_v4_0_bank_queue__parameterized1' [e:/datafiles/emilia/kitchen/modification/rev1/rev1.srcs/sources_1/bd/system/ip/system_mig_7series_0_0/system_mig_7series_0_0/user_design/rtl/controller/mig_7series_v4_0_bank_queue.v:174]
INFO: [Synth 8-256] done synthesizing module 'mig_7series_v4_0_bank_queue__parameterized1' (19#1) [e:/datafiles/emilia/kitchen/modification/rev1/rev1.srcs/sources_1/bd/system/ip/system_mig_7series_0_0/system_mig_7series_0_0/user_design/rtl/controller/mig_7series_v4_0_bank_queue.v:174]
INFO: [Synth 8-256] done synthesizing module 'mig_7series_v4_0_bank_cntrl__parameterized1' (19#1) [e:/datafiles/emilia/kitchen/modification/rev1/rev1.srcs/sources_1/bd/system/ip/system_mig_7series_0_0/system_mig_7series_0_0/user_design/rtl/controller/mig_7series_v4_0_bank_cntrl.v:70]
INFO: [Synth 8-638] synthesizing module 'mig_7series_v4_0_bank_cntrl__parameterized2' [e:/datafiles/emilia/kitchen/modification/rev1/rev1.srcs/sources_1/bd/system/ip/system_mig_7series_0_0/system_mig_7series_0_0/user_design/rtl/controller/mig_7series_v4_0_bank_cntrl.v:70]
INFO: [Synth 8-638] synthesizing module 'mig_7series_v4_0_bank_state__parameterized2' [e:/datafiles/emilia/kitchen/modification/rev1/rev1.srcs/sources_1/bd/system/ip/system_mig_7series_0_0/system_mig_7series_0_0/user_design/rtl/controller/mig_7series_v4_0_bank_state.v:141]
INFO: [Synth 8-256] done synthesizing module 'mig_7series_v4_0_bank_state__parameterized2' (19#1) [e:/datafiles/emilia/kitchen/modification/rev1/rev1.srcs/sources_1/bd/system/ip/system_mig_7series_0_0/system_mig_7series_0_0/user_design/rtl/controller/mig_7series_v4_0_bank_state.v:141]
INFO: [Synth 8-638] synthesizing module 'mig_7series_v4_0_bank_queue__parameterized2' [e:/datafiles/emilia/kitchen/modification/rev1/rev1.srcs/sources_1/bd/system/ip/system_mig_7series_0_0/system_mig_7series_0_0/user_design/rtl/controller/mig_7series_v4_0_bank_queue.v:174]
INFO: [Synth 8-256] done synthesizing module 'mig_7series_v4_0_bank_queue__parameterized2' (19#1) [e:/datafiles/emilia/kitchen/modification/rev1/rev1.srcs/sources_1/bd/system/ip/system_mig_7series_0_0/system_mig_7series_0_0/user_design/rtl/controller/mig_7series_v4_0_bank_queue.v:174]
INFO: [Synth 8-256] done synthesizing module 'mig_7series_v4_0_bank_cntrl__parameterized2' (19#1) [e:/datafiles/emilia/kitchen/modification/rev1/rev1.srcs/sources_1/bd/system/ip/system_mig_7series_0_0/system_mig_7series_0_0/user_design/rtl/controller/mig_7series_v4_0_bank_cntrl.v:70]
INFO: [Synth 8-638] synthesizing module 'mig_7series_v4_0_bank_common' [e:/datafiles/emilia/kitchen/modification/rev1/rev1.srcs/sources_1/bd/system/ip/system_mig_7series_0_0/system_mig_7series_0_0/user_design/rtl/controller/mig_7series_v4_0_bank_common.v:73]
INFO: [Synth 8-256] done synthesizing module 'mig_7series_v4_0_bank_common' (20#1) [e:/datafiles/emilia/kitchen/modification/rev1/rev1.srcs/sources_1/bd/system/ip/system_mig_7series_0_0/system_mig_7series_0_0/user_design/rtl/controller/mig_7series_v4_0_bank_common.v:73]
INFO: [Synth 8-638] synthesizing module 'mig_7series_v4_0_arb_mux' [e:/datafiles/emilia/kitchen/modification/rev1/rev1.srcs/sources_1/bd/system/ip/system_mig_7series_0_0/system_mig_7series_0_0/user_design/rtl/controller/mig_7series_v4_0_arb_mux.v:69]
INFO: [Synth 8-638] synthesizing module 'mig_7series_v4_0_arb_row_col' [e:/datafiles/emilia/kitchen/modification/rev1/rev1.srcs/sources_1/bd/system/ip/system_mig_7series_0_0/system_mig_7series_0_0/user_design/rtl/controller/mig_7series_v4_0_arb_row_col.v:83]
INFO: [Synth 8-638] synthesizing module 'mig_7series_v4_0_round_robin_arb__parameterized1' [e:/datafiles/emilia/kitchen/modification/rev1/rev1.srcs/sources_1/bd/system/ip/system_mig_7series_0_0/system_mig_7series_0_0/user_design/rtl/controller/mig_7series_v4_0_round_robin_arb.v:121]
INFO: [Synth 8-256] done synthesizing module 'mig_7series_v4_0_round_robin_arb__parameterized1' (20#1) [e:/datafiles/emilia/kitchen/modification/rev1/rev1.srcs/sources_1/bd/system/ip/system_mig_7series_0_0/system_mig_7series_0_0/user_design/rtl/controller/mig_7series_v4_0_round_robin_arb.v:121]
INFO: [Synth 8-638] synthesizing module 'mig_7series_v4_0_round_robin_arb__parameterized2' [e:/datafiles/emilia/kitchen/modification/rev1/rev1.srcs/sources_1/bd/system/ip/system_mig_7series_0_0/system_mig_7series_0_0/user_design/rtl/controller/mig_7series_v4_0_round_robin_arb.v:121]
INFO: [Synth 8-256] done synthesizing module 'mig_7series_v4_0_round_robin_arb__parameterized2' (20#1) [e:/datafiles/emilia/kitchen/modification/rev1/rev1.srcs/sources_1/bd/system/ip/system_mig_7series_0_0/system_mig_7series_0_0/user_design/rtl/controller/mig_7series_v4_0_round_robin_arb.v:121]
INFO: [Synth 8-638] synthesizing module 'mig_7series_v4_0_round_robin_arb__parameterized3' [e:/datafiles/emilia/kitchen/modification/rev1/rev1.srcs/sources_1/bd/system/ip/system_mig_7series_0_0/system_mig_7series_0_0/user_design/rtl/controller/mig_7series_v4_0_round_robin_arb.v:121]
INFO: [Synth 8-256] done synthesizing module 'mig_7series_v4_0_round_robin_arb__parameterized3' (20#1) [e:/datafiles/emilia/kitchen/modification/rev1/rev1.srcs/sources_1/bd/system/ip/system_mig_7series_0_0/system_mig_7series_0_0/user_design/rtl/controller/mig_7series_v4_0_round_robin_arb.v:121]
INFO: [Synth 8-638] synthesizing module 'mig_7series_v4_0_round_robin_arb__parameterized4' [e:/datafiles/emilia/kitchen/modification/rev1/rev1.srcs/sources_1/bd/system/ip/system_mig_7series_0_0/system_mig_7series_0_0/user_design/rtl/controller/mig_7series_v4_0_round_robin_arb.v:121]
INFO: [Synth 8-256] done synthesizing module 'mig_7series_v4_0_round_robin_arb__parameterized4' (20#1) [e:/datafiles/emilia/kitchen/modification/rev1/rev1.srcs/sources_1/bd/system/ip/system_mig_7series_0_0/system_mig_7series_0_0/user_design/rtl/controller/mig_7series_v4_0_round_robin_arb.v:121]
INFO: [Synth 8-256] done synthesizing module 'mig_7series_v4_0_arb_row_col' (21#1) [e:/datafiles/emilia/kitchen/modification/rev1/rev1.srcs/sources_1/bd/system/ip/system_mig_7series_0_0/system_mig_7series_0_0/user_design/rtl/controller/mig_7series_v4_0_arb_row_col.v:83]
INFO: [Synth 8-638] synthesizing module 'mig_7series_v4_0_arb_select' [e:/datafiles/emilia/kitchen/modification/rev1/rev1.srcs/sources_1/bd/system/ip/system_mig_7series_0_0/system_mig_7series_0_0/user_design/rtl/controller/mig_7series_v4_0_arb_select.v:75]
INFO: [Synth 8-256] done synthesizing module 'mig_7series_v4_0_arb_select' (22#1) [e:/datafiles/emilia/kitchen/modification/rev1/rev1.srcs/sources_1/bd/system/ip/system_mig_7series_0_0/system_mig_7series_0_0/user_design/rtl/controller/mig_7series_v4_0_arb_select.v:75]
INFO: [Synth 8-256] done synthesizing module 'mig_7series_v4_0_arb_mux' (23#1) [e:/datafiles/emilia/kitchen/modification/rev1/rev1.srcs/sources_1/bd/system/ip/system_mig_7series_0_0/system_mig_7series_0_0/user_design/rtl/controller/mig_7series_v4_0_arb_mux.v:69]
INFO: [Synth 8-256] done synthesizing module 'mig_7series_v4_0_bank_mach' (24#1) [e:/datafiles/emilia/kitchen/modification/rev1/rev1.srcs/sources_1/bd/system/ip/system_mig_7series_0_0/system_mig_7series_0_0/user_design/rtl/controller/mig_7series_v4_0_bank_mach.v:72]
INFO: [Synth 8-638] synthesizing module 'mig_7series_v4_0_col_mach' [e:/datafiles/emilia/kitchen/modification/rev1/rev1.srcs/sources_1/bd/system/ip/system_mig_7series_0_0/system_mig_7series_0_0/user_design/rtl/controller/mig_7series_v4_0_col_mach.v:88]
INFO: [Synth 8-638] synthesizing module 'RAM32M' [D:/xilinx/Vivado/2016.4/scripts/rt/data/unisim_comp.v:36749]
INFO: [Synth 8-256] done synthesizing module 'RAM32M' (25#1) [D:/xilinx/Vivado/2016.4/scripts/rt/data/unisim_comp.v:36749]
INFO: [Synth 8-256] done synthesizing module 'mig_7series_v4_0_col_mach' (26#1) [e:/datafiles/emilia/kitchen/modification/rev1/rev1.srcs/sources_1/bd/system/ip/system_mig_7series_0_0/system_mig_7series_0_0/user_design/rtl/controller/mig_7series_v4_0_col_mach.v:88]
INFO: [Synth 8-256] done synthesizing module 'mig_7series_v4_0_mc' (27#1) [e:/datafiles/emilia/kitchen/modification/rev1/rev1.srcs/sources_1/bd/system/ip/system_mig_7series_0_0/system_mig_7series_0_0/user_design/rtl/controller/mig_7series_v4_0_mc.v:73]
INFO: [Synth 8-638] synthesizing module 'mig_7series_v4_0_ddr_phy_top' [e:/datafiles/emilia/kitchen/modification/rev1/rev1.srcs/sources_1/bd/system/ip/system_mig_7series_0_0/system_mig_7series_0_0/user_design/rtl/phy/mig_7series_v4_0_ddr_phy_top.v:70]
INFO: [Synth 8-638] synthesizing module 'mig_7series_v4_0_ddr_mc_phy_wrapper' [e:/datafiles/emilia/kitchen/modification/rev1/rev1.srcs/sources_1/bd/system/ip/system_mig_7series_0_0/system_mig_7series_0_0/user_design/rtl/phy/mig_7series_v4_0_ddr_mc_phy_wrapper.v:71]
INFO: [Synth 8-638] synthesizing module 'OBUF' [D:/xilinx/Vivado/2016.4/scripts/rt/data/unisim_comp.v:21927]
INFO: [Synth 8-256] done synthesizing module 'OBUF' (28#1) [D:/xilinx/Vivado/2016.4/scripts/rt/data/unisim_comp.v:21927]
INFO: [Synth 8-638] synthesizing module 'OBUFT' [D:/xilinx/Vivado/2016.4/scripts/rt/data/unisim_comp.v:22143]
INFO: [Synth 8-256] done synthesizing module 'OBUFT' (29#1) [D:/xilinx/Vivado/2016.4/scripts/rt/data/unisim_comp.v:22143]
INFO: [Synth 8-638] synthesizing module 'IOBUF_INTERMDISABLE' [D:/xilinx/Vivado/2016.4/scripts/rt/data/unisim_comp.v:17947]
INFO: [Synth 8-256] done synthesizing module 'IOBUF_INTERMDISABLE' (30#1) [D:/xilinx/Vivado/2016.4/scripts/rt/data/unisim_comp.v:17947]
INFO: [Synth 8-638] synthesizing module 'IOBUFDS_INTERMDISABLE' [D:/xilinx/Vivado/2016.4/scripts/rt/data/unisim_comp.v:17524]
INFO: [Synth 8-256] done synthesizing module 'IOBUFDS_INTERMDISABLE' (31#1) [D:/xilinx/Vivado/2016.4/scripts/rt/data/unisim_comp.v:17524]
INFO: [Synth 8-638] synthesizing module 'mig_7series_v4_0_ddr_of_pre_fifo' [e:/datafiles/emilia/kitchen/modification/rev1/rev1.srcs/sources_1/bd/system/ip/system_mig_7series_0_0/system_mig_7series_0_0/user_design/rtl/phy/mig_7series_v4_0_ddr_of_pre_fifo.v:76]
INFO: [Synth 8-256] done synthesizing module 'mig_7series_v4_0_ddr_of_pre_fifo' (32#1) [e:/datafiles/emilia/kitchen/modification/rev1/rev1.srcs/sources_1/bd/system/ip/system_mig_7series_0_0/system_mig_7series_0_0/user_design/rtl/phy/mig_7series_v4_0_ddr_of_pre_fifo.v:76]
INFO: [Synth 8-638] synthesizing module 'mig_7series_v4_0_ddr_of_pre_fifo__parameterized0' [e:/datafiles/emilia/kitchen/modification/rev1/rev1.srcs/sources_1/bd/system/ip/system_mig_7series_0_0/system_mig_7series_0_0/user_design/rtl/phy/mig_7series_v4_0_ddr_of_pre_fifo.v:76]
INFO: [Synth 8-256] done synthesizing module 'mig_7series_v4_0_ddr_of_pre_fifo__parameterized0' (32#1) [e:/datafiles/emilia/kitchen/modification/rev1/rev1.srcs/sources_1/bd/system/ip/system_mig_7series_0_0/system_mig_7series_0_0/user_design/rtl/phy/mig_7series_v4_0_ddr_of_pre_fifo.v:76]
INFO: [Synth 8-638] synthesizing module 'mig_7series_v4_0_ddr_of_pre_fifo__parameterized1' [e:/datafiles/emilia/kitchen/modification/rev1/rev1.srcs/sources_1/bd/system/ip/system_mig_7series_0_0/system_mig_7series_0_0/user_design/rtl/phy/mig_7series_v4_0_ddr_of_pre_fifo.v:76]
INFO: [Synth 8-256] done synthesizing module 'mig_7series_v4_0_ddr_of_pre_fifo__parameterized1' (32#1) [e:/datafiles/emilia/kitchen/modification/rev1/rev1.srcs/sources_1/bd/system/ip/system_mig_7series_0_0/system_mig_7series_0_0/user_design/rtl/phy/mig_7series_v4_0_ddr_of_pre_fifo.v:76]
INFO: [Synth 8-638] synthesizing module 'mig_7series_v4_0_ddr_mc_phy' [e:/datafiles/emilia/kitchen/modification/rev1/rev1.srcs/sources_1/bd/system/ip/system_mig_7series_0_0/system_mig_7series_0_0/user_design/rtl/phy/mig_7series_v4_0_ddr_mc_phy.v:70]
INFO: [Synth 8-638] synthesizing module 'mig_7series_v4_0_ddr_phy_4lanes' [e:/datafiles/emilia/kitchen/modification/rev1/rev1.srcs/sources_1/bd/system/ip/system_mig_7series_0_0/system_mig_7series_0_0/user_design/rtl/phy/mig_7series_v4_0_ddr_phy_4lanes.v:72]
INFO: [Synth 8-638] synthesizing module 'mig_7series_v4_0_ddr_byte_lane' [e:/datafiles/emilia/kitchen/modification/rev1/rev1.srcs/sources_1/bd/system/ip/system_mig_7series_0_0/system_mig_7series_0_0/user_design/rtl/phy/mig_7series_v4_0_ddr_byte_lane.v:70]
INFO: [Synth 8-638] synthesizing module 'mig_7series_v4_0_ddr_of_pre_fifo__parameterized2' [e:/datafiles/emilia/kitchen/modification/rev1/rev1.srcs/sources_1/bd/system/ip/system_mig_7series_0_0/system_mig_7series_0_0/user_design/rtl/phy/mig_7series_v4_0_ddr_of_pre_fifo.v:76]
INFO: [Synth 8-256] done synthesizing module 'mig_7series_v4_0_ddr_of_pre_fifo__parameterized2' (32#1) [e:/datafiles/emilia/kitchen/modification/rev1/rev1.srcs/sources_1/bd/system/ip/system_mig_7series_0_0/system_mig_7series_0_0/user_design/rtl/phy/mig_7series_v4_0_ddr_of_pre_fifo.v:76]
INFO: [Synth 8-638] synthesizing module 'ODDR' [D:/xilinx/Vivado/2016.4/scripts/rt/data/unisim_comp.v:25305]
INFO: [Synth 8-256] done synthesizing module 'ODDR' (33#1) [D:/xilinx/Vivado/2016.4/scripts/rt/data/unisim_comp.v:25305]
INFO: [Synth 8-638] synthesizing module 'OBUFDS' [D:/xilinx/Vivado/2016.4/scripts/rt/data/unisim_comp.v:21941]
INFO: [Synth 8-256] done synthesizing module 'OBUFDS' (34#1) [D:/xilinx/Vivado/2016.4/scripts/rt/data/unisim_comp.v:21941]
INFO: [Synth 8-638] synthesizing module 'PHASER_OUT_PHY' [D:/xilinx/Vivado/2016.4/scripts/rt/data/unisim_comp.v:32497]
INFO: [Synth 8-256] done synthesizing module 'PHASER_OUT_PHY' (35#1) [D:/xilinx/Vivado/2016.4/scripts/rt/data/unisim_comp.v:32497]
INFO: [Synth 8-638] synthesizing module 'OUT_FIFO' [D:/xilinx/Vivado/2016.4/scripts/rt/data/unisim_comp.v:25993]
INFO: [Synth 8-256] done synthesizing module 'OUT_FIFO' (36#1) [D:/xilinx/Vivado/2016.4/scripts/rt/data/unisim_comp.v:25993]
INFO: [Synth 8-638] synthesizing module 'mig_7series_v4_0_ddr_byte_group_io' [e:/datafiles/emilia/kitchen/modification/rev1/rev1.srcs/sources_1/bd/system/ip/system_mig_7series_0_0/system_mig_7series_0_0/user_design/rtl/phy/mig_7series_v4_0_ddr_byte_group_io.v:69]
INFO: [Synth 8-638] synthesizing module 'OSERDESE2' [D:/xilinx/Vivado/2016.4/scripts/rt/data/unisim_comp.v:25878]
INFO: [Synth 8-256] done synthesizing module 'OSERDESE2' (37#1) [D:/xilinx/Vivado/2016.4/scripts/rt/data/unisim_comp.v:25878]
INFO: [Synth 8-256] done synthesizing module 'mig_7series_v4_0_ddr_byte_group_io' (38#1) [e:/datafiles/emilia/kitchen/modification/rev1/rev1.srcs/sources_1/bd/system/ip/system_mig_7series_0_0/system_mig_7series_0_0/user_design/rtl/phy/mig_7series_v4_0_ddr_byte_group_io.v:69]
INFO: [Synth 8-256] done synthesizing module 'mig_7series_v4_0_ddr_byte_lane' (39#1) [e:/datafiles/emilia/kitchen/modification/rev1/rev1.srcs/sources_1/bd/system/ip/system_mig_7series_0_0/system_mig_7series_0_0/user_design/rtl/phy/mig_7series_v4_0_ddr_byte_lane.v:70]
INFO: [Synth 8-638] synthesizing module 'mig_7series_v4_0_ddr_byte_lane__parameterized0' [e:/datafiles/emilia/kitchen/modification/rev1/rev1.srcs/sources_1/bd/system/ip/system_mig_7series_0_0/system_mig_7series_0_0/user_design/rtl/phy/mig_7series_v4_0_ddr_byte_lane.v:70]
INFO: [Synth 8-638] synthesizing module 'mig_7series_v4_0_ddr_of_pre_fifo__parameterized3' [e:/datafiles/emilia/kitchen/modification/rev1/rev1.srcs/sources_1/bd/system/ip/system_mig_7series_0_0/system_mig_7series_0_0/user_design/rtl/phy/mig_7series_v4_0_ddr_of_pre_fifo.v:76]
INFO: [Synth 8-256] done synthesizing module 'mig_7series_v4_0_ddr_of_pre_fifo__parameterized3' (39#1) [e:/datafiles/emilia/kitchen/modification/rev1/rev1.srcs/sources_1/bd/system/ip/system_mig_7series_0_0/system_mig_7series_0_0/user_design/rtl/phy/mig_7series_v4_0_ddr_of_pre_fifo.v:76]
INFO: [Synth 8-638] synthesizing module 'mig_7series_v4_0_ddr_byte_group_io__parameterized0' [e:/datafiles/emilia/kitchen/modification/rev1/rev1.srcs/sources_1/bd/system/ip/system_mig_7series_0_0/system_mig_7series_0_0/user_design/rtl/phy/mig_7series_v4_0_ddr_byte_group_io.v:69]
INFO: [Synth 8-256] done synthesizing module 'mig_7series_v4_0_ddr_byte_group_io__parameterized0' (39#1) [e:/datafiles/emilia/kitchen/modification/rev1/rev1.srcs/sources_1/bd/system/ip/system_mig_7series_0_0/system_mig_7series_0_0/user_design/rtl/phy/mig_7series_v4_0_ddr_byte_group_io.v:69]
INFO: [Synth 8-256] done synthesizing module 'mig_7series_v4_0_ddr_byte_lane__parameterized0' (39#1) [e:/datafiles/emilia/kitchen/modification/rev1/rev1.srcs/sources_1/bd/system/ip/system_mig_7series_0_0/system_mig_7series_0_0/user_design/rtl/phy/mig_7series_v4_0_ddr_byte_lane.v:70]
INFO: [Synth 8-638] synthesizing module 'mig_7series_v4_0_ddr_byte_lane__parameterized1' [e:/datafiles/emilia/kitchen/modification/rev1/rev1.srcs/sources_1/bd/system/ip/system_mig_7series_0_0/system_mig_7series_0_0/user_design/rtl/phy/mig_7series_v4_0_ddr_byte_lane.v:70]
INFO: [Synth 8-638] synthesizing module 'mig_7series_v4_0_ddr_if_post_fifo' [e:/datafiles/emilia/kitchen/modification/rev1/rev1.srcs/sources_1/bd/system/ip/system_mig_7series_0_0/system_mig_7series_0_0/user_design/rtl/phy/mig_7series_v4_0_ddr_if_post_fifo.v:68]
INFO: [Synth 8-256] done synthesizing module 'mig_7series_v4_0_ddr_if_post_fifo' (40#1) [e:/datafiles/emilia/kitchen/modification/rev1/rev1.srcs/sources_1/bd/system/ip/system_mig_7series_0_0/system_mig_7series_0_0/user_design/rtl/phy/mig_7series_v4_0_ddr_if_post_fifo.v:68]
INFO: [Synth 8-638] synthesizing module 'mig_7series_v4_0_ddr_of_pre_fifo__parameterized4' [e:/datafiles/emilia/kitchen/modification/rev1/rev1.srcs/sources_1/bd/system/ip/system_mig_7series_0_0/system_mig_7series_0_0/user_design/rtl/phy/mig_7series_v4_0_ddr_of_pre_fifo.v:76]
INFO: [Synth 8-256] done synthesizing module 'mig_7series_v4_0_ddr_of_pre_fifo__parameterized4' (40#1) [e:/datafiles/emilia/kitchen/modification/rev1/rev1.srcs/sources_1/bd/system/ip/system_mig_7series_0_0/system_mig_7series_0_0/user_design/rtl/phy/mig_7series_v4_0_ddr_of_pre_fifo.v:76]
INFO: [Synth 8-638] synthesizing module 'PHASER_IN_PHY' [D:/xilinx/Vivado/2016.4/scripts/rt/data/unisim_comp.v:32360]
INFO: [Synth 8-256] done synthesizing module 'PHASER_IN_PHY' (41#1) [D:/xilinx/Vivado/2016.4/scripts/rt/data/unisim_comp.v:32360]
INFO: [Synth 8-638] synthesizing module 'IN_FIFO' [D:/xilinx/Vivado/2016.4/scripts/rt/data/unisim_comp.v:17265]
INFO: [Synth 8-256] done synthesizing module 'IN_FIFO' (42#1) [D:/xilinx/Vivado/2016.4/scripts/rt/data/unisim_comp.v:17265]
INFO: [Synth 8-638] synthesizing module 'PHASER_OUT_PHY__parameterized0' [D:/xilinx/Vivado/2016.4/scripts/rt/data/unisim_comp.v:32497]
INFO: [Synth 8-256] done synthesizing module 'PHASER_OUT_PHY__parameterized0' (42#1) [D:/xilinx/Vivado/2016.4/scripts/rt/data/unisim_comp.v:32497]
INFO: [Synth 8-638] synthesizing module 'OUT_FIFO__parameterized0' [D:/xilinx/Vivado/2016.4/scripts/rt/data/unisim_comp.v:25993]
INFO: [Synth 8-256] done synthesizing module 'OUT_FIFO__parameterized0' (42#1) [D:/xilinx/Vivado/2016.4/scripts/rt/data/unisim_comp.v:25993]
INFO: [Synth 8-638] synthesizing module 'mig_7series_v4_0_ddr_byte_group_io__parameterized1' [e:/datafiles/emilia/kitchen/modification/rev1/rev1.srcs/sources_1/bd/system/ip/system_mig_7series_0_0/system_mig_7series_0_0/user_design/rtl/phy/mig_7series_v4_0_ddr_byte_group_io.v:69]
INFO: [Synth 8-638] synthesizing module 'IDELAYE2' [D:/xilinx/Vivado/2016.4/scripts/rt/data/unisim_comp.v:16195]
INFO: [Synth 8-256] done synthesizing module 'IDELAYE2' (43#1) [D:/xilinx/Vivado/2016.4/scripts/rt/data/unisim_comp.v:16195]
INFO: [Synth 8-638] synthesizing module 'ISERDESE2' [D:/xilinx/Vivado/2016.4/scripts/rt/data/unisim_comp.v:19685]
INFO: [Synth 8-256] done synthesizing module 'ISERDESE2' (44#1) [D:/xilinx/Vivado/2016.4/scripts/rt/data/unisim_comp.v:19685]
INFO: [Synth 8-638] synthesizing module 'OSERDESE2__parameterized0' [D:/xilinx/Vivado/2016.4/scripts/rt/data/unisim_comp.v:25878]
INFO: [Synth 8-256] done synthesizing module 'OSERDESE2__parameterized0' (44#1) [D:/xilinx/Vivado/2016.4/scripts/rt/data/unisim_comp.v:25878]
INFO: [Synth 8-638] synthesizing module 'OSERDESE2__parameterized1' [D:/xilinx/Vivado/2016.4/scripts/rt/data/unisim_comp.v:25878]
INFO: [Synth 8-256] done synthesizing module 'OSERDESE2__parameterized1' (44#1) [D:/xilinx/Vivado/2016.4/scripts/rt/data/unisim_comp.v:25878]
INFO: [Synth 8-638] synthesizing module 'OSERDESE2__parameterized2' [D:/xilinx/Vivado/2016.4/scripts/rt/data/unisim_comp.v:25878]
INFO: [Synth 8-256] done synthesizing module 'OSERDESE2__parameterized2' (44#1) [D:/xilinx/Vivado/2016.4/scripts/rt/data/unisim_comp.v:25878]
INFO: [Synth 8-638] synthesizing module 'OSERDESE2__parameterized3' [D:/xilinx/Vivado/2016.4/scripts/rt/data/unisim_comp.v:25878]
INFO: [Synth 8-256] done synthesizing module 'OSERDESE2__parameterized3' (44#1) [D:/xilinx/Vivado/2016.4/scripts/rt/data/unisim_comp.v:25878]
INFO: [Synth 8-638] synthesizing module 'OSERDESE2__parameterized4' [D:/xilinx/Vivado/2016.4/scripts/rt/data/unisim_comp.v:25878]
INFO: [Synth 8-256] done synthesizing module 'OSERDESE2__parameterized4' (44#1) [D:/xilinx/Vivado/2016.4/scripts/rt/data/unisim_comp.v:25878]
INFO: [Synth 8-638] synthesizing module 'OSERDESE2__parameterized5' [D:/xilinx/Vivado/2016.4/scripts/rt/data/unisim_comp.v:25878]
INFO: [Synth 8-256] done synthesizing module 'OSERDESE2__parameterized5' (44#1) [D:/xilinx/Vivado/2016.4/scripts/rt/data/unisim_comp.v:25878]
INFO: [Synth 8-638] synthesizing module 'OSERDESE2__parameterized6' [D:/xilinx/Vivado/2016.4/scripts/rt/data/unisim_comp.v:25878]
INFO: [Synth 8-256] done synthesizing module 'OSERDESE2__parameterized6' (44#1) [D:/xilinx/Vivado/2016.4/scripts/rt/data/unisim_comp.v:25878]
INFO: [Synth 8-638] synthesizing module 'OSERDESE2__parameterized7' [D:/xilinx/Vivado/2016.4/scripts/rt/data/unisim_comp.v:25878]
INFO: [Synth 8-256] done synthesizing module 'OSERDESE2__parameterized7' (44#1) [D:/xilinx/Vivado/2016.4/scripts/rt/data/unisim_comp.v:25878]
INFO: [Synth 8-638] synthesizing module 'OSERDESE2__parameterized8' [D:/xilinx/Vivado/2016.4/scripts/rt/data/unisim_comp.v:25878]
INFO: [Synth 8-256] done synthesizing module 'OSERDESE2__parameterized8' (44#1) [D:/xilinx/Vivado/2016.4/scripts/rt/data/unisim_comp.v:25878]
INFO: [Synth 8-638] synthesizing module 'OSERDESE2__parameterized9' [D:/xilinx/Vivado/2016.4/scripts/rt/data/unisim_comp.v:25878]
INFO: [Synth 8-256] done synthesizing module 'OSERDESE2__parameterized9' (44#1) [D:/xilinx/Vivado/2016.4/scripts/rt/data/unisim_comp.v:25878]
INFO: [Synth 8-256] done synthesizing module 'mig_7series_v4_0_ddr_byte_group_io__parameterized1' (44#1) [e:/datafiles/emilia/kitchen/modification/rev1/rev1.srcs/sources_1/bd/system/ip/system_mig_7series_0_0/system_mig_7series_0_0/user_design/rtl/phy/mig_7series_v4_0_ddr_byte_group_io.v:69]
INFO: [Synth 8-256] done synthesizing module 'mig_7series_v4_0_ddr_byte_lane__parameterized1' (44#1) [e:/datafiles/emilia/kitchen/modification/rev1/rev1.srcs/sources_1/bd/system/ip/system_mig_7series_0_0/system_mig_7series_0_0/user_design/rtl/phy/mig_7series_v4_0_ddr_byte_lane.v:70]
INFO: [Synth 8-638] synthesizing module 'mig_7series_v4_0_ddr_byte_lane__parameterized2' [e:/datafiles/emilia/kitchen/modification/rev1/rev1.srcs/sources_1/bd/system/ip/system_mig_7series_0_0/system_mig_7series_0_0/user_design/rtl/phy/mig_7series_v4_0_ddr_byte_lane.v:70]
INFO: [Synth 8-638] synthesizing module 'mig_7series_v4_0_ddr_of_pre_fifo__parameterized5' [e:/datafiles/emilia/kitchen/modification/rev1/rev1.srcs/sources_1/bd/system/ip/system_mig_7series_0_0/system_mig_7series_0_0/user_design/rtl/phy/mig_7series_v4_0_ddr_of_pre_fifo.v:76]
INFO: [Synth 8-256] done synthesizing module 'mig_7series_v4_0_ddr_of_pre_fifo__parameterized5' (44#1) [e:/datafiles/emilia/kitchen/modification/rev1/rev1.srcs/sources_1/bd/system/ip/system_mig_7series_0_0/system_mig_7series_0_0/user_design/rtl/phy/mig_7series_v4_0_ddr_of_pre_fifo.v:76]
INFO: [Synth 8-638] synthesizing module 'PHASER_OUT_PHY__parameterized1' [D:/xilinx/Vivado/2016.4/scripts/rt/data/unisim_comp.v:32497]
INFO: [Synth 8-256] done synthesizing module 'PHASER_OUT_PHY__parameterized1' (44#1) [D:/xilinx/Vivado/2016.4/scripts/rt/data/unisim_comp.v:32497]
INFO: [Synth 8-638] synthesizing module 'OUT_FIFO__parameterized1' [D:/xilinx/Vivado/2016.4/scripts/rt/data/unisim_comp.v:25993]
INFO: [Synth 8-256] done synthesizing module 'OUT_FIFO__parameterized1' (44#1) [D:/xilinx/Vivado/2016.4/scripts/rt/data/unisim_comp.v:25993]
INFO: [Synth 8-638] synthesizing module 'mig_7series_v4_0_ddr_byte_group_io__parameterized2' [e:/datafiles/emilia/kitchen/modification/rev1/rev1.srcs/sources_1/bd/system/ip/system_mig_7series_0_0/system_mig_7series_0_0/user_design/rtl/phy/mig_7series_v4_0_ddr_byte_group_io.v:69]
INFO: [Synth 8-638] synthesizing module 'OSERDESE2__parameterized10' [D:/xilinx/Vivado/2016.4/scripts/rt/data/unisim_comp.v:25878]
INFO: [Synth 8-256] done synthesizing module 'OSERDESE2__parameterized10' (44#1) [D:/xilinx/Vivado/2016.4/scripts/rt/data/unisim_comp.v:25878]
INFO: [Synth 8-638] synthesizing module 'OSERDESE2__parameterized11' [D:/xilinx/Vivado/2016.4/scripts/rt/data/unisim_comp.v:25878]
INFO: [Synth 8-256] done synthesizing module 'OSERDESE2__parameterized11' (44#1) [D:/xilinx/Vivado/2016.4/scripts/rt/data/unisim_comp.v:25878]
INFO: [Synth 8-638] synthesizing module 'OSERDESE2__parameterized12' [D:/xilinx/Vivado/2016.4/scripts/rt/data/unisim_comp.v:25878]
INFO: [Synth 8-256] done synthesizing module 'OSERDESE2__parameterized12' (44#1) [D:/xilinx/Vivado/2016.4/scripts/rt/data/unisim_comp.v:25878]
INFO: [Synth 8-638] synthesizing module 'OSERDESE2__parameterized13' [D:/xilinx/Vivado/2016.4/scripts/rt/data/unisim_comp.v:25878]
INFO: [Synth 8-256] done synthesizing module 'OSERDESE2__parameterized13' (44#1) [D:/xilinx/Vivado/2016.4/scripts/rt/data/unisim_comp.v:25878]
INFO: [Synth 8-638] synthesizing module 'OSERDESE2__parameterized14' [D:/xilinx/Vivado/2016.4/scripts/rt/data/unisim_comp.v:25878]
INFO: [Synth 8-256] done synthesizing module 'OSERDESE2__parameterized14' (44#1) [D:/xilinx/Vivado/2016.4/scripts/rt/data/unisim_comp.v:25878]
INFO: [Synth 8-638] synthesizing module 'OSERDESE2__parameterized15' [D:/xilinx/Vivado/2016.4/scripts/rt/data/unisim_comp.v:25878]
INFO: [Synth 8-256] done synthesizing module 'OSERDESE2__parameterized15' (44#1) [D:/xilinx/Vivado/2016.4/scripts/rt/data/unisim_comp.v:25878]
INFO: [Synth 8-638] synthesizing module 'OSERDESE2__parameterized16' [D:/xilinx/Vivado/2016.4/scripts/rt/data/unisim_comp.v:25878]
INFO: [Synth 8-256] done synthesizing module 'OSERDESE2__parameterized16' (44#1) [D:/xilinx/Vivado/2016.4/scripts/rt/data/unisim_comp.v:25878]
INFO: [Synth 8-638] synthesizing module 'OSERDESE2__parameterized17' [D:/xilinx/Vivado/2016.4/scripts/rt/data/unisim_comp.v:25878]
INFO: [Synth 8-256] done synthesizing module 'OSERDESE2__parameterized17' (44#1) [D:/xilinx/Vivado/2016.4/scripts/rt/data/unisim_comp.v:25878]
INFO: [Synth 8-638] synthesizing module 'OSERDESE2__parameterized18' [D:/xilinx/Vivado/2016.4/scripts/rt/data/unisim_comp.v:25878]
INFO: [Synth 8-256] done synthesizing module 'OSERDESE2__parameterized18' (44#1) [D:/xilinx/Vivado/2016.4/scripts/rt/data/unisim_comp.v:25878]
INFO: [Synth 8-638] synthesizing module 'OSERDESE2__parameterized19' [D:/xilinx/Vivado/2016.4/scripts/rt/data/unisim_comp.v:25878]
INFO: [Synth 8-256] done synthesizing module 'OSERDESE2__parameterized19' (44#1) [D:/xilinx/Vivado/2016.4/scripts/rt/data/unisim_comp.v:25878]
INFO: [Synth 8-256] done synthesizing module 'mig_7series_v4_0_ddr_byte_group_io__parameterized2' (44#1) [e:/datafiles/emilia/kitchen/modification/rev1/rev1.srcs/sources_1/bd/system/ip/system_mig_7series_0_0/system_mig_7series_0_0/user_design/rtl/phy/mig_7series_v4_0_ddr_byte_group_io.v:69]
INFO: [Synth 8-256] done synthesizing module 'mig_7series_v4_0_ddr_byte_lane__parameterized2' (44#1) [e:/datafiles/emilia/kitchen/modification/rev1/rev1.srcs/sources_1/bd/system/ip/system_mig_7series_0_0/system_mig_7series_0_0/user_design/rtl/phy/mig_7series_v4_0_ddr_byte_lane.v:70]
INFO: [Synth 8-638] synthesizing module 'BUFIO' [D:/xilinx/Vivado/2016.4/scripts/rt/data/unisim_comp.v:831]
INFO: [Synth 8-256] done synthesizing module 'BUFIO' (45#1) [D:/xilinx/Vivado/2016.4/scripts/rt/data/unisim_comp.v:831]
INFO: [Synth 8-638] synthesizing module 'PHY_CONTROL' [D:/xilinx/Vivado/2016.4/scripts/rt/data/unisim_comp.v:32588]
INFO: [Synth 8-256] done synthesizing module 'PHY_CONTROL' (46#1) [D:/xilinx/Vivado/2016.4/scripts/rt/data/unisim_comp.v:32588]
INFO: [Synth 8-638] synthesizing module 'PHASER_REF' [D:/xilinx/Vivado/2016.4/scripts/rt/data/unisim_comp.v:32572]
INFO: [Synth 8-256] done synthesizing module 'PHASER_REF' (47#1) [D:/xilinx/Vivado/2016.4/scripts/rt/data/unisim_comp.v:32572]
INFO: [Synth 8-256] done synthesizing module 'mig_7series_v4_0_ddr_phy_4lanes' (48#1) [e:/datafiles/emilia/kitchen/modification/rev1/rev1.srcs/sources_1/bd/system/ip/system_mig_7series_0_0/system_mig_7series_0_0/user_design/rtl/phy/mig_7series_v4_0_ddr_phy_4lanes.v:72]
INFO: [Synth 8-256] done synthesizing module 'mig_7series_v4_0_ddr_mc_phy' (49#1) [e:/datafiles/emilia/kitchen/modification/rev1/rev1.srcs/sources_1/bd/system/ip/system_mig_7series_0_0/system_mig_7series_0_0/user_design/rtl/phy/mig_7series_v4_0_ddr_mc_phy.v:70]
INFO: [Synth 8-256] done synthesizing module 'mig_7series_v4_0_ddr_mc_phy_wrapper' (50#1) [e:/datafiles/emilia/kitchen/modification/rev1/rev1.srcs/sources_1/bd/system/ip/system_mig_7series_0_0/system_mig_7series_0_0/user_design/rtl/phy/mig_7series_v4_0_ddr_mc_phy_wrapper.v:71]
INFO: [Synth 8-638] synthesizing module 'mig_7series_v4_0_ddr_calib_top' [e:/datafiles/emilia/kitchen/modification/rev1/rev1.srcs/sources_1/bd/system/ip/system_mig_7series_0_0/system_mig_7series_0_0/user_design/rtl/phy/mig_7series_v4_0_ddr_calib_top.v:82]
INFO: [Synth 8-638] synthesizing module 'mig_7series_v4_0_ddr_phy_wrlvl' [e:/datafiles/emilia/kitchen/modification/rev1/rev1.srcs/sources_1/bd/system/ip/system_mig_7series_0_0/system_mig_7series_0_0/user_design/rtl/phy/mig_7series_v4_0_ddr_phy_wrlvl.v:90]
INFO: [Synth 8-256] done synthesizing module 'mig_7series_v4_0_ddr_phy_wrlvl' (51#1) [e:/datafiles/emilia/kitchen/modification/rev1/rev1.srcs/sources_1/bd/system/ip/system_mig_7series_0_0/system_mig_7series_0_0/user_design/rtl/phy/mig_7series_v4_0_ddr_phy_wrlvl.v:90]
INFO: [Synth 8-638] synthesizing module 'mig_7series_v4_0_ddr_phy_ck_addr_cmd_delay' [e:/datafiles/emilia/kitchen/modification/rev1/rev1.srcs/sources_1/bd/system/ip/system_mig_7series_0_0/system_mig_7series_0_0/user_design/rtl/phy/mig_7series_v4_0_ddr_phy_ck_addr_cmd_delay.v:68]
INFO: [Synth 8-256] done synthesizing module 'mig_7series_v4_0_ddr_phy_ck_addr_cmd_delay' (52#1) [e:/datafiles/emilia/kitchen/modification/rev1/rev1.srcs/sources_1/bd/system/ip/system_mig_7series_0_0/system_mig_7series_0_0/user_design/rtl/phy/mig_7series_v4_0_ddr_phy_ck_addr_cmd_delay.v:68]
INFO: [Synth 8-638] synthesizing module 'mig_7series_v4_0_ddr_phy_dqs_found_cal_hr' [e:/datafiles/emilia/kitchen/modification/rev1/rev1.srcs/sources_1/bd/system/ip/system_mig_7series_0_0/system_mig_7series_0_0/user_design/rtl/phy/mig_7series_v4_0_ddr_phy_dqs_found_cal_hr.v:79]
INFO: [Synth 8-256] done synthesizing module 'mig_7series_v4_0_ddr_phy_dqs_found_cal_hr' (53#1) [e:/datafiles/emilia/kitchen/modification/rev1/rev1.srcs/sources_1/bd/system/ip/system_mig_7series_0_0/system_mig_7series_0_0/user_design/rtl/phy/mig_7series_v4_0_ddr_phy_dqs_found_cal_hr.v:79]
INFO: [Synth 8-638] synthesizing module 'mig_7series_v4_0_ddr_phy_rdlvl' [e:/datafiles/emilia/kitchen/modification/rev1/rev1.srcs/sources_1/bd/system/ip/system_mig_7series_0_0/system_mig_7series_0_0/user_design/rtl/phy/mig_7series_v4_0_ddr_phy_rdlvl.v:81]
INFO: [Synth 8-256] done synthesizing module 'mig_7series_v4_0_ddr_phy_rdlvl' (54#1) [e:/datafiles/emilia/kitchen/modification/rev1/rev1.srcs/sources_1/bd/system/ip/system_mig_7series_0_0/system_mig_7series_0_0/user_design/rtl/phy/mig_7series_v4_0_ddr_phy_rdlvl.v:81]
INFO: [Synth 8-638] synthesizing module 'mig_7series_v4_0_ddr_prbs_gen' [e:/datafiles/emilia/kitchen/modification/rev1/rev1.srcs/sources_1/bd/system/ip/system_mig_7series_0_0/system_mig_7series_0_0/user_design/rtl/phy/mig_7series_v4_0_ddr_prbs_gen.v:92]
INFO: [Synth 8-256] done synthesizing module 'mig_7series_v4_0_ddr_prbs_gen' (55#1) [e:/datafiles/emilia/kitchen/modification/rev1/rev1.srcs/sources_1/bd/system/ip/system_mig_7series_0_0/system_mig_7series_0_0/user_design/rtl/phy/mig_7series_v4_0_ddr_prbs_gen.v:92]
INFO: [Synth 8-638] synthesizing module 'mig_7series_v4_0_ddr_phy_init' [e:/datafiles/emilia/kitchen/modification/rev1/rev1.srcs/sources_1/bd/system/ip/system_mig_7series_0_0/system_mig_7series_0_0/user_design/rtl/phy/mig_7series_v4_0_ddr_phy_init.v:89]
INFO: [Synth 8-256] done synthesizing module 'mig_7series_v4_0_ddr_phy_init' (56#1) [e:/datafiles/emilia/kitchen/modification/rev1/rev1.srcs/sources_1/bd/system/ip/system_mig_7series_0_0/system_mig_7series_0_0/user_design/rtl/phy/mig_7series_v4_0_ddr_phy_init.v:89]
INFO: [Synth 8-638] synthesizing module 'mig_7series_v4_0_ddr_phy_wrcal' [e:/datafiles/emilia/kitchen/modification/rev1/rev1.srcs/sources_1/bd/system/ip/system_mig_7series_0_0/system_mig_7series_0_0/user_design/rtl/phy/mig_7series_v4_0_ddr_phy_wrcal.v:77]
INFO: [Synth 8-256] done synthesizing module 'mig_7series_v4_0_ddr_phy_wrcal' (57#1) [e:/datafiles/emilia/kitchen/modification/rev1/rev1.srcs/sources_1/bd/system/ip/system_mig_7series_0_0/system_mig_7series_0_0/user_design/rtl/phy/mig_7series_v4_0_ddr_phy_wrcal.v:77]
INFO: [Synth 8-638] synthesizing module 'mig_7series_v4_0_ddr_phy_tempmon' [e:/datafiles/emilia/kitchen/modification/rev1/rev1.srcs/sources_1/bd/system/ip/system_mig_7series_0_0/system_mig_7series_0_0/user_design/rtl/phy/mig_7series_v4_0_ddr_phy_tempmon.v:69]
INFO: [Synth 8-256] done synthesizing module 'mig_7series_v4_0_ddr_phy_tempmon' (58#1) [e:/datafiles/emilia/kitchen/modification/rev1/rev1.srcs/sources_1/bd/system/ip/system_mig_7series_0_0/system_mig_7series_0_0/user_design/rtl/phy/mig_7series_v4_0_ddr_phy_tempmon.v:69]
INFO: [Synth 8-256] done synthesizing module 'mig_7series_v4_0_ddr_calib_top' (59#1) [e:/datafiles/emilia/kitchen/modification/rev1/rev1.srcs/sources_1/bd/system/ip/system_mig_7series_0_0/system_mig_7series_0_0/user_design/rtl/phy/mig_7series_v4_0_ddr_calib_top.v:82]
INFO: [Synth 8-256] done synthesizing module 'mig_7series_v4_0_ddr_phy_top' (60#1) [e:/datafiles/emilia/kitchen/modification/rev1/rev1.srcs/sources_1/bd/system/ip/system_mig_7series_0_0/system_mig_7series_0_0/user_design/rtl/phy/mig_7series_v4_0_ddr_phy_top.v:70]
INFO: [Synth 8-256] done synthesizing module 'mig_7series_v4_0_mem_intfc' (61#1) [e:/datafiles/emilia/kitchen/modification/rev1/rev1.srcs/sources_1/bd/system/ip/system_mig_7series_0_0/system_mig_7series_0_0/user_design/rtl/ip_top/mig_7series_v4_0_mem_intfc.v:70]
INFO: [Synth 8-638] synthesizing module 'mig_7series_v4_0_ui_top' [e:/datafiles/emilia/kitchen/modification/rev1/rev1.srcs/sources_1/bd/system/ip/system_mig_7series_0_0/system_mig_7series_0_0/user_design/rtl/ui/mig_7series_v4_0_ui_top.v:71]
INFO: [Synth 8-638] synthesizing module 'mig_7series_v4_0_ui_cmd' [e:/datafiles/emilia/kitchen/modification/rev1/rev1.srcs/sources_1/bd/system/ip/system_mig_7series_0_0/system_mig_7series_0_0/user_design/rtl/ui/mig_7series_v4_0_ui_cmd.v:70]
INFO: [Synth 8-256] done synthesizing module 'mig_7series_v4_0_ui_cmd' (62#1) [e:/datafiles/emilia/kitchen/modification/rev1/rev1.srcs/sources_1/bd/system/ip/system_mig_7series_0_0/system_mig_7series_0_0/user_design/rtl/ui/mig_7series_v4_0_ui_cmd.v:70]
INFO: [Synth 8-638] synthesizing module 'mig_7series_v4_0_ui_wr_data' [e:/datafiles/emilia/kitchen/modification/rev1/rev1.srcs/sources_1/bd/system/ip/system_mig_7series_0_0/system_mig_7series_0_0/user_design/rtl/ui/mig_7series_v4_0_ui_wr_data.v:131]
INFO: [Synth 8-256] done synthesizing module 'mig_7series_v4_0_ui_wr_data' (63#1) [e:/datafiles/emilia/kitchen/modification/rev1/rev1.srcs/sources_1/bd/system/ip/system_mig_7series_0_0/system_mig_7series_0_0/user_design/rtl/ui/mig_7series_v4_0_ui_wr_data.v:131]
INFO: [Synth 8-638] synthesizing module 'mig_7series_v4_0_ui_rd_data' [e:/datafiles/emilia/kitchen/modification/rev1/rev1.srcs/sources_1/bd/system/ip/system_mig_7series_0_0/system_mig_7series_0_0/user_design/rtl/ui/mig_7series_v4_0_ui_rd_data.v:140]
INFO: [Synth 8-256] done synthesizing module 'mig_7series_v4_0_ui_rd_data' (64#1) [e:/datafiles/emilia/kitchen/modification/rev1/rev1.srcs/sources_1/bd/system/ip/system_mig_7series_0_0/system_mig_7series_0_0/user_design/rtl/ui/mig_7series_v4_0_ui_rd_data.v:140]
INFO: [Synth 8-256] done synthesizing module 'mig_7series_v4_0_ui_top' (65#1) [e:/datafiles/emilia/kitchen/modification/rev1/rev1.srcs/sources_1/bd/system/ip/system_mig_7series_0_0/system_mig_7series_0_0/user_design/rtl/ui/mig_7series_v4_0_ui_top.v:71]
INFO: [Synth 8-638] synthesizing module 'mig_7series_v4_0_axi_mc' [e:/datafiles/emilia/kitchen/modification/rev1/rev1.srcs/sources_1/bd/system/ip/system_mig_7series_0_0/system_mig_7series_0_0/user_design/rtl/axi/mig_7series_v4_0_axi_mc.v:90]
INFO: [Synth 8-638] synthesizing module 'mig_7series_v4_0_ddr_axi_register_slice' [e:/datafiles/emilia/kitchen/modification/rev1/rev1.srcs/sources_1/bd/system/ip/system_mig_7series_0_0/system_mig_7series_0_0/user_design/rtl/axi/mig_7series_v4_0_ddr_axi_register_slice.v:63]
INFO: [Synth 8-638] synthesizing module 'mig_7series_v4_0_ddr_axic_register_slice' [e:/datafiles/emilia/kitchen/modification/rev1/rev1.srcs/sources_1/bd/system/ip/system_mig_7series_0_0/system_mig_7series_0_0/user_design/rtl/axi/mig_7series_v4_0_ddr_axic_register_slice.v:61]
INFO: [Synth 8-256] done synthesizing module 'mig_7series_v4_0_ddr_axic_register_slice' (66#1) [e:/datafiles/emilia/kitchen/modification/rev1/rev1.srcs/sources_1/bd/system/ip/system_mig_7series_0_0/system_mig_7series_0_0/user_design/rtl/axi/mig_7series_v4_0_ddr_axic_register_slice.v:61]
INFO: [Synth 8-638] synthesizing module 'mig_7series_v4_0_ddr_axic_register_slice__parameterized0' [e:/datafiles/emilia/kitchen/modification/rev1/rev1.srcs/sources_1/bd/system/ip/system_mig_7series_0_0/system_mig_7series_0_0/user_design/rtl/axi/mig_7series_v4_0_ddr_axic_register_slice.v:61]
INFO: [Synth 8-256] done synthesizing module 'mig_7series_v4_0_ddr_axic_register_slice__parameterized0' (66#1) [e:/datafiles/emilia/kitchen/modification/rev1/rev1.srcs/sources_1/bd/system/ip/system_mig_7series_0_0/system_mig_7series_0_0/user_design/rtl/axi/mig_7series_v4_0_ddr_axic_register_slice.v:61]
INFO: [Synth 8-638] synthesizing module 'mig_7series_v4_0_ddr_axic_register_slice__parameterized1' [e:/datafiles/emilia/kitchen/modification/rev1/rev1.srcs/sources_1/bd/system/ip/system_mig_7series_0_0/system_mig_7series_0_0/user_design/rtl/axi/mig_7series_v4_0_ddr_axic_register_slice.v:61]
INFO: [Synth 8-256] done synthesizing module 'mig_7series_v4_0_ddr_axic_register_slice__parameterized1' (66#1) [e:/datafiles/emilia/kitchen/modification/rev1/rev1.srcs/sources_1/bd/system/ip/system_mig_7series_0_0/system_mig_7series_0_0/user_design/rtl/axi/mig_7series_v4_0_ddr_axic_register_slice.v:61]
INFO: [Synth 8-638] synthesizing module 'mig_7series_v4_0_ddr_axic_register_slice__parameterized2' [e:/datafiles/emilia/kitchen/modification/rev1/rev1.srcs/sources_1/bd/system/ip/system_mig_7series_0_0/system_mig_7series_0_0/user_design/rtl/axi/mig_7series_v4_0_ddr_axic_register_slice.v:61]
INFO: [Synth 8-256] done synthesizing module 'mig_7series_v4_0_ddr_axic_register_slice__parameterized2' (66#1) [e:/datafiles/emilia/kitchen/modification/rev1/rev1.srcs/sources_1/bd/system/ip/system_mig_7series_0_0/system_mig_7series_0_0/user_design/rtl/axi/mig_7series_v4_0_ddr_axic_register_slice.v:61]
INFO: [Synth 8-256] done synthesizing module 'mig_7series_v4_0_ddr_axi_register_slice' (67#1) [e:/datafiles/emilia/kitchen/modification/rev1/rev1.srcs/sources_1/bd/system/ip/system_mig_7series_0_0/system_mig_7series_0_0/user_design/rtl/axi/mig_7series_v4_0_ddr_axi_register_slice.v:63]
INFO: [Synth 8-638] synthesizing module 'mig_7series_v4_0_axi_mc_aw_channel' [e:/datafiles/emilia/kitchen/modification/rev1/rev1.srcs/sources_1/bd/system/ip/system_mig_7series_0_0/system_mig_7series_0_0/user_design/rtl/axi/mig_7series_v4_0_axi_mc_aw_channel.v:57]
INFO: [Synth 8-638] synthesizing module 'mig_7series_v4_0_axi_mc_cmd_translator' [e:/datafiles/emilia/kitchen/modification/rev1/rev1.srcs/sources_1/bd/system/ip/system_mig_7series_0_0/system_mig_7series_0_0/user_design/rtl/axi/mig_7series_v4_0_axi_mc_cmd_translator.v:62]
INFO: [Synth 8-638] synthesizing module 'mig_7series_v4_0_axi_mc_incr_cmd' [e:/datafiles/emilia/kitchen/modification/rev1/rev1.srcs/sources_1/bd/system/ip/system_mig_7series_0_0/system_mig_7series_0_0/user_design/rtl/axi/mig_7series_v4_0_axi_mc_incr_cmd.v:64]
INFO: [Synth 8-256] done synthesizing module 'mig_7series_v4_0_axi_mc_incr_cmd' (68#1) [e:/datafiles/emilia/kitchen/modification/rev1/rev1.srcs/sources_1/bd/system/ip/system_mig_7series_0_0/system_mig_7series_0_0/user_design/rtl/axi/mig_7series_v4_0_axi_mc_incr_cmd.v:64]
INFO: [Synth 8-638] synthesizing module 'mig_7series_v4_0_axi_mc_wrap_cmd' [e:/datafiles/emilia/kitchen/modification/rev1/rev1.srcs/sources_1/bd/system/ip/system_mig_7series_0_0/system_mig_7series_0_0/user_design/rtl/axi/mig_7series_v4_0_axi_mc_wrap_cmd.v:97]
INFO: [Synth 8-256] done synthesizing module 'mig_7series_v4_0_axi_mc_wrap_cmd' (69#1) [e:/datafiles/emilia/kitchen/modification/rev1/rev1.srcs/sources_1/bd/system/ip/system_mig_7series_0_0/system_mig_7series_0_0/user_design/rtl/axi/mig_7series_v4_0_axi_mc_wrap_cmd.v:97]
INFO: [Synth 8-256] done synthesizing module 'mig_7series_v4_0_axi_mc_cmd_translator' (70#1) [e:/datafiles/emilia/kitchen/modification/rev1/rev1.srcs/sources_1/bd/system/ip/system_mig_7series_0_0/system_mig_7series_0_0/user_design/rtl/axi/mig_7series_v4_0_axi_mc_cmd_translator.v:62]
INFO: [Synth 8-638] synthesizing module 'mig_7series_v4_0_axi_mc_wr_cmd_fsm' [e:/datafiles/emilia/kitchen/modification/rev1/rev1.srcs/sources_1/bd/system/ip/system_mig_7series_0_0/system_mig_7series_0_0/user_design/rtl/axi/mig_7series_v4_0_axi_mc_wr_cmd_fsm.v:76]
INFO: [Synth 8-256] done synthesizing module 'mig_7series_v4_0_axi_mc_wr_cmd_fsm' (71#1) [e:/datafiles/emilia/kitchen/modification/rev1/rev1.srcs/sources_1/bd/system/ip/system_mig_7series_0_0/system_mig_7series_0_0/user_design/rtl/axi/mig_7series_v4_0_axi_mc_wr_cmd_fsm.v:76]
INFO: [Synth 8-256] done synthesizing module 'mig_7series_v4_0_axi_mc_aw_channel' (72#1) [e:/datafiles/emilia/kitchen/modification/rev1/rev1.srcs/sources_1/bd/system/ip/system_mig_7series_0_0/system_mig_7series_0_0/user_design/rtl/axi/mig_7series_v4_0_axi_mc_aw_channel.v:57]
INFO: [Synth 8-638] synthesizing module 'mig_7series_v4_0_axi_mc_w_channel' [e:/datafiles/emilia/kitchen/modification/rev1/rev1.srcs/sources_1/bd/system/ip/system_mig_7series_0_0/system_mig_7series_0_0/user_design/rtl/axi/mig_7series_v4_0_axi_mc_w_channel.v:64]
INFO: [Synth 8-256] done synthesizing module 'mig_7series_v4_0_axi_mc_w_channel' (73#1) [e:/datafiles/emilia/kitchen/modification/rev1/rev1.srcs/sources_1/bd/system/ip/system_mig_7series_0_0/system_mig_7series_0_0/user_design/rtl/axi/mig_7series_v4_0_axi_mc_w_channel.v:64]
INFO: [Synth 8-638] synthesizing module 'mig_7series_v4_0_axi_mc_b_channel' [e:/datafiles/emilia/kitchen/modification/rev1/rev1.srcs/sources_1/bd/system/ip/system_mig_7series_0_0/system_mig_7series_0_0/user_design/rtl/axi/mig_7series_v4_0_axi_mc_b_channel.v:83]
INFO: [Synth 8-638] synthesizing module 'mig_7series_v4_0_axi_mc_fifo' [e:/datafiles/emilia/kitchen/modification/rev1/rev1.srcs/sources_1/bd/system/ip/system_mig_7series_0_0/system_mig_7series_0_0/user_design/rtl/axi/mig_7series_v4_0_axi_mc_fifo.v:70]
INFO: [Synth 8-256] done synthesizing module 'mig_7series_v4_0_axi_mc_fifo' (74#1) [e:/datafiles/emilia/kitchen/modification/rev1/rev1.srcs/sources_1/bd/system/ip/system_mig_7series_0_0/system_mig_7series_0_0/user_design/rtl/axi/mig_7series_v4_0_axi_mc_fifo.v:70]
INFO: [Synth 8-256] done synthesizing module 'mig_7series_v4_0_axi_mc_b_channel' (75#1) [e:/datafiles/emilia/kitchen/modification/rev1/rev1.srcs/sources_1/bd/system/ip/system_mig_7series_0_0/system_mig_7series_0_0/user_design/rtl/axi/mig_7series_v4_0_axi_mc_b_channel.v:83]
INFO: [Synth 8-638] synthesizing module 'mig_7series_v4_0_axi_mc_ar_channel' [e:/datafiles/emilia/kitchen/modification/rev1/rev1.srcs/sources_1/bd/system/ip/system_mig_7series_0_0/system_mig_7series_0_0/user_design/rtl/axi/mig_7series_v4_0_axi_mc_ar_channel.v:57]
INFO: [Synth 8-638] synthesizing module 'mig_7series_v4_0_axi_mc_cmd_translator__parameterized0' [e:/datafiles/emilia/kitchen/modification/rev1/rev1.srcs/sources_1/bd/system/ip/system_mig_7series_0_0/system_mig_7series_0_0/user_design/rtl/axi/mig_7series_v4_0_axi_mc_cmd_translator.v:62]
INFO: [Synth 8-638] synthesizing module 'mig_7series_v4_0_axi_mc_incr_cmd__parameterized0' [e:/datafiles/emilia/kitchen/modification/rev1/rev1.srcs/sources_1/bd/system/ip/system_mig_7series_0_0/system_mig_7series_0_0/user_design/rtl/axi/mig_7series_v4_0_axi_mc_incr_cmd.v:64]
INFO: [Synth 8-256] done synthesizing module 'mig_7series_v4_0_axi_mc_incr_cmd__parameterized0' (75#1) [e:/datafiles/emilia/kitchen/modification/rev1/rev1.srcs/sources_1/bd/system/ip/system_mig_7series_0_0/system_mig_7series_0_0/user_design/rtl/axi/mig_7series_v4_0_axi_mc_incr_cmd.v:64]
INFO: [Synth 8-638] synthesizing module 'mig_7series_v4_0_axi_mc_wrap_cmd__parameterized0' [e:/datafiles/emilia/kitchen/modification/rev1/rev1.srcs/sources_1/bd/system/ip/system_mig_7series_0_0/system_mig_7series_0_0/user_design/rtl/axi/mig_7series_v4_0_axi_mc_wrap_cmd.v:97]
INFO: [Synth 8-256] done synthesizing module 'mig_7series_v4_0_axi_mc_wrap_cmd__parameterized0' (75#1) [e:/datafiles/emilia/kitchen/modification/rev1/rev1.srcs/sources_1/bd/system/ip/system_mig_7series_0_0/system_mig_7series_0_0/user_design/rtl/axi/mig_7series_v4_0_axi_mc_wrap_cmd.v:97]
INFO: [Synth 8-256] done synthesizing module 'mig_7series_v4_0_axi_mc_cmd_translator__parameterized0' (75#1) [e:/datafiles/emilia/kitchen/modification/rev1/rev1.srcs/sources_1/bd/system/ip/system_mig_7series_0_0/system_mig_7series_0_0/user_design/rtl/axi/mig_7series_v4_0_axi_mc_cmd_translator.v:62]
INFO: [Synth 8-638] synthesizing module 'mig_7series_v4_0_axi_mc_cmd_fsm' [e:/datafiles/emilia/kitchen/modification/rev1/rev1.srcs/sources_1/bd/system/ip/system_mig_7series_0_0/system_mig_7series_0_0/user_design/rtl/axi/mig_7series_v4_0_axi_mc_cmd_fsm.v:72]
INFO: [Synth 8-256] done synthesizing module 'mig_7series_v4_0_axi_mc_cmd_fsm' (76#1) [e:/datafiles/emilia/kitchen/modification/rev1/rev1.srcs/sources_1/bd/system/ip/system_mig_7series_0_0/system_mig_7series_0_0/user_design/rtl/axi/mig_7series_v4_0_axi_mc_cmd_fsm.v:72]
INFO: [Synth 8-256] done synthesizing module 'mig_7series_v4_0_axi_mc_ar_channel' (77#1) [e:/datafiles/emilia/kitchen/modification/rev1/rev1.srcs/sources_1/bd/system/ip/system_mig_7series_0_0/system_mig_7series_0_0/user_design/rtl/axi/mig_7series_v4_0_axi_mc_ar_channel.v:57]
INFO: [Synth 8-638] synthesizing module 'mig_7series_v4_0_axi_mc_r_channel' [e:/datafiles/emilia/kitchen/modification/rev1/rev1.srcs/sources_1/bd/system/ip/system_mig_7series_0_0/system_mig_7series_0_0/user_design/rtl/axi/mig_7series_v4_0_axi_mc_r_channel.v:67]
INFO: [Synth 8-638] synthesizing module 'mig_7series_v4_0_axi_mc_fifo__parameterized0' [e:/datafiles/emilia/kitchen/modification/rev1/rev1.srcs/sources_1/bd/system/ip/system_mig_7series_0_0/system_mig_7series_0_0/user_design/rtl/axi/mig_7series_v4_0_axi_mc_fifo.v:70]
INFO: [Synth 8-256] done synthesizing module 'mig_7series_v4_0_axi_mc_fifo__parameterized0' (77#1) [e:/datafiles/emilia/kitchen/modification/rev1/rev1.srcs/sources_1/bd/system/ip/system_mig_7series_0_0/system_mig_7series_0_0/user_design/rtl/axi/mig_7series_v4_0_axi_mc_fifo.v:70]
INFO: [Synth 8-638] synthesizing module 'mig_7series_v4_0_axi_mc_fifo__parameterized1' [e:/datafiles/emilia/kitchen/modification/rev1/rev1.srcs/sources_1/bd/system/ip/system_mig_7series_0_0/system_mig_7series_0_0/user_design/rtl/axi/mig_7series_v4_0_axi_mc_fifo.v:70]
INFO: [Synth 8-256] done synthesizing module 'mig_7series_v4_0_axi_mc_fifo__parameterized1' (77#1) [e:/datafiles/emilia/kitchen/modification/rev1/rev1.srcs/sources_1/bd/system/ip/system_mig_7series_0_0/system_mig_7series_0_0/user_design/rtl/axi/mig_7series_v4_0_axi_mc_fifo.v:70]
INFO: [Synth 8-256] done synthesizing module 'mig_7series_v4_0_axi_mc_r_channel' (78#1) [e:/datafiles/emilia/kitchen/modification/rev1/rev1.srcs/sources_1/bd/system/ip/system_mig_7series_0_0/system_mig_7series_0_0/user_design/rtl/axi/mig_7series_v4_0_axi_mc_r_channel.v:67]
INFO: [Synth 8-638] synthesizing module 'mig_7series_v4_0_axi_mc_cmd_arbiter' [e:/datafiles/emilia/kitchen/modification/rev1/rev1.srcs/sources_1/bd/system/ip/system_mig_7series_0_0/system_mig_7series_0_0/user_design/rtl/axi/mig_7series_v4_0_axi_mc_cmd_arbiter.v:61]
INFO: [Synth 8-256] done synthesizing module 'mig_7series_v4_0_axi_mc_cmd_arbiter' (79#1) [e:/datafiles/emilia/kitchen/modification/rev1/rev1.srcs/sources_1/bd/system/ip/system_mig_7series_0_0/system_mig_7series_0_0/user_design/rtl/axi/mig_7series_v4_0_axi_mc_cmd_arbiter.v:61]
INFO: [Synth 8-256] done synthesizing module 'mig_7series_v4_0_axi_mc' (80#1) [e:/datafiles/emilia/kitchen/modification/rev1/rev1.srcs/sources_1/bd/system/ip/system_mig_7series_0_0/system_mig_7series_0_0/user_design/rtl/axi/mig_7series_v4_0_axi_mc.v:90]
INFO: [Synth 8-256] done synthesizing module 'mig_7series_v4_0_memc_ui_top_axi' (81#1) [e:/datafiles/emilia/kitchen/modification/rev1/rev1.srcs/sources_1/bd/system/ip/system_mig_7series_0_0/system_mig_7series_0_0/user_design/rtl/ip_top/mig_7series_v4_0_memc_ui_top_axi.v:72]
INFO: [Synth 8-256] done synthesizing module 'system_mig_7series_0_0_mig' (82#1) [e:/datafiles/emilia/kitchen/modification/rev1/rev1.srcs/sources_1/bd/system/ip/system_mig_7series_0_0/system_mig_7series_0_0/user_design/rtl/system_mig_7series_0_0_mig.v:75]
INFO: [Synth 8-256] done synthesizing module 'system_mig_7series_0_0' (83#1) [e:/datafiles/emilia/kitchen/modification/rev1/rev1.srcs/sources_1/bd/system/ip/system_mig_7series_0_0/system_mig_7series_0_0/user_design/rtl/system_mig_7series_0_0.v:70]
Finished RTL Elaboration : Time (s): cpu = 00:00:24 ; elapsed = 00:00:31 . Memory (MB): peak = 513.578 ; gain = 304.309
Finished RTL Optimization Phase 1 : Time (s): cpu = 00:00:27 ; elapsed = 00:00:34 . Memory (MB): peak = 513.578 ; gain = 304.309
INFO: [Device 21-403] Loading part xc7a35ticsg324-1L
Constraint Validation Runtime : Time (s): cpu = 00:00:00 ; elapsed = 00:00:00.355 . Memory (MB): peak = 796.578 ; gain = 0.301
Finished Constraint Validation : Time (s): cpu = 00:00:51 ; elapsed = 00:01:01 . Memory (MB): peak = 796.578 ; gain = 587.309
Finished Loading Part and Timing Information : Time (s): cpu = 00:00:51 ; elapsed = 00:01:01 . Memory (MB): peak = 796.578 ; gain = 587.309
Finished applying 'set_property' XDC Constraints : Time (s): cpu = 00:00:51 ; elapsed = 00:01:01 . Memory (MB): peak = 796.578 ; gain = 587.309
Finished RTL Optimization Phase 2 : Time (s): cpu = 00:01:12 ; elapsed = 00:01:25 . Memory (MB): peak = 796.578 ; gain = 587.309
Finished Cross Boundary and Area Optimization : Time (s): cpu = 00:02:45 ; elapsed = 00:03:14 . Memory (MB): peak = 1005.914 ; gain = 796.645
---------------------------------------------------------------------------------
Start ROM, RAM, DSP and Shift Register Reporting
---------------------------------------------------------------------------------

ROM:
+------------------------------+------------+---------------+----------------+
|Module Name                   | RTL Object | Depth x Width | Implemented As | 
+------------------------------+------------+---------------+----------------+
|mig_7series_v4_0_ddr_prbs_gen | mem_out    | 256x18        | LUT            | 
|mig_7series_v4_0_ddr_prbs_gen | mem_out    | 256x18        | LUT            | 
+------------------------------+------------+---------------+----------------+


Distributed RAM: Preliminary Mapping  Report (see note below)
+-----------------------+---------------------------------------------------------------------------------------+-----------+----------------------+---------------+
|Module Name            | RTL Object                                                                            | Inference | Size (Depth x Width) | Primitives    | 
+-----------------------+---------------------------------------------------------------------------------------+-----------+----------------------+---------------+
|system_mig_7series_0_0 | of_pre_fifo_gen.u_ddr_of_pre_fifo/mem_reg                                             | Implied   | 16 x 80              | RAM32M x 14   | 
|system_mig_7series_0_0 | ddr_byte_lane_B.ddr_byte_lane_B/of_pre_fifo_gen.u_ddr_of_pre_fifo/mem_reg             | Implied   | 16 x 80              | RAM32M x 14   | 
|system_mig_7series_0_0 | ddr_byte_lane_C.ddr_byte_lane_C/dq_gen_40.if_post_fifo_gen.u_ddr_if_post_fifo/mem_reg | Implied   | 4 x 80               | RAM32M x 14   | 
|system_mig_7series_0_0 | ddr_byte_lane_C.ddr_byte_lane_C/of_pre_fifo_gen.u_ddr_of_pre_fifo/mem_reg             | Implied   | 16 x 80              | RAM32M x 14   | 
|system_mig_7series_0_0 | ddr_byte_lane_D.ddr_byte_lane_D/dq_gen_40.if_post_fifo_gen.u_ddr_if_post_fifo/mem_reg | Implied   | 4 x 80               | RAM32M x 14   | 
|system_mig_7series_0_0 | ddr_byte_lane_D.ddr_byte_lane_D/of_pre_fifo_gen.u_ddr_of_pre_fifo/mem_reg             | Implied   | 16 x 80              | RAM32M x 14   | 
+-----------------------+---------------------------------------------------------------------------------------+-----------+----------------------+---------------+

Note: The table above is a preliminary report that shows the Distributed RAMs at the current stage of the synthesis flow. Some Distributed RAMs may be reimplemented as non Distributed RAM primitives later in the synthesis flow. Multiple instantiated RAMs are reported only once.
---------------------------------------------------------------------------------
Finished ROM, RAM, DSP and Shift Register Reporting
---------------------------------------------------------------------------------
Finished Applying XDC Timing Constraints : Time (s): cpu = 00:02:55 ; elapsed = 00:03:24 . Memory (MB): peak = 1086.898 ; gain = 877.629
Finished Timing Optimization : Time (s): cpu = 00:02:56 ; elapsed = 00:03:25 . Memory (MB): peak = 1091.895 ; gain = 882.625
Finished Technology Mapping : Time (s): cpu = 00:03:07 ; elapsed = 00:03:36 . Memory (MB): peak = 1118.656 ; gain = 909.387
Finished IO Insertion : Time (s): cpu = 00:03:08 ; elapsed = 00:03:37 . Memory (MB): peak = 1118.656 ; gain = 909.387
Finished Renaming Generated Instances : Time (s): cpu = 00:03:08 ; elapsed = 00:03:37 . Memory (MB): peak = 1118.656 ; gain = 909.387
Finished Rebuilding User Hierarchy : Time (s): cpu = 00:03:10 ; elapsed = 00:03:39 . Memory (MB): peak = 1118.656 ; gain = 909.387
Finished Renaming Generated Ports : Time (s): cpu = 00:03:10 ; elapsed = 00:03:39 . Memory (MB): peak = 1118.656 ; gain = 909.387
Finished Handling Custom Attributes : Time (s): cpu = 00:03:11 ; elapsed = 00:03:40 . Memory (MB): peak = 1118.656 ; gain = 909.387
Finished Renaming Generated Nets : Time (s): cpu = 00:03:11 ; elapsed = 00:03:40 . Memory (MB): peak = 1118.656 ; gain = 909.387

Report Cell Usage: 
+------+----------------------+------+
|      |Cell                  |Count |
+------+----------------------+------+
|1     |BUFG                  |     3|
|2     |BUFH                  |     1|
|3     |BUFIO                 |     1|
|4     |CARRY4                |   120|
|5     |IDELAYCTRL            |     1|
|6     |IDELAYE2              |    16|
|7     |IN_FIFO               |     2|
|8     |ISERDESE2             |    16|
|9     |LUT1                  |   448|
|10    |LUT2                  |   459|
|11    |LUT3                  |  1013|
|12    |LUT4                  |   931|
|13    |LUT5                  |  1376|
|14    |LUT6                  |  1380|
|15    |MMCME2_ADV            |     1|
|16    |MUXF7                 |    14|
|17    |ODDR                  |     5|
|18    |OSERDESE2             |    23|
|19    |OSERDESE2_1           |     2|
|20    |OSERDESE2_2           |    18|
|21    |OUT_FIFO              |     2|
|22    |OUT_FIFO_1            |     2|
|23    |PHASER_IN_PHY         |     2|
|24    |PHASER_OUT_PHY        |     2|
|25    |PHASER_OUT_PHY_1      |     2|
|26    |PHASER_REF            |     1|
|27    |PHY_CONTROL           |     1|
|28    |PLLE2_ADV             |     1|
|29    |RAM32M                |   129|
|30    |SRL16E                |    18|
|31    |SRLC32E               |   131|
|32    |XADC                  |     1|
|33    |XORCY                 |     6|
|34    |FDCE                  |     2|
|35    |FDPE                  |    72|
|36    |FDRE                  |  3992|
|37    |FDSE                  |   117|
|38    |IOBUFDS_INTERMDISABLE |     2|
|39    |IOBUF_INTERMDISABLE   |    16|
|40    |OBUF                  |    24|
|41    |OBUFDS                |     1|
|42    |OBUFT                 |     2|
+------+----------------------+------+
Finished Writing Synthesis Report : Time (s): cpu = 00:03:11 ; elapsed = 00:03:40 . Memory (MB): peak = 1118.656 ; gain = 909.387
synth_design: Time (s): cpu = 00:03:11 ; elapsed = 00:03:36 . Memory (MB): peak = 1118.656 ; gain = 859.852
