INFO: [VRFC 10-163] Analyzing VHDL file "E:/datafiles/emilia/kitchen/modification/rev1/rev1.ip_user_files/bd/system/ip/system_microblaze_0_0/sim/system_microblaze_0_0.vhd" into library xil_defaultlib
INFO: [VRFC 10-307] analyzing entity system_microblaze_0_0
INFO: [VRFC 10-163] Analyzing VHDL file "E:/datafiles/emilia/kitchen/modification/rev1/rev1.ip_user_files/bd/system/ip/system_dlmb_v10_0/sim/system_dlmb_v10_0.vhd" into library xil_defaultlib
INFO: [VRFC 10-307] analyzing entity system_dlmb_v10_0
INFO: [VRFC 10-163] Analyzing VHDL file "E:/datafiles/emilia/kitchen/modification/rev1/rev1.ip_user_files/bd/system/ip/system_ilmb_v10_0/sim/system_ilmb_v10_0.vhd" into library xil_defaultlib
INFO: [VRFC 10-307] analyzing entity system_ilmb_v10_0
INFO: [VRFC 10-163] Analyzing VHDL file "E:/datafiles/emilia/kitchen/modification/rev1/rev1.ip_user_files/bd/system/ip/system_dlmb_bram_if_cntlr_0/sim/system_dlmb_bram_if_cntlr_0.vhd" into library xil_defaultlib
INFO: [VRFC 10-307] analyzing entity system_dlmb_bram_if_cntlr_0
INFO: [VRFC 10-163] Analyzing VHDL file "E:/datafiles/emilia/kitchen/modification/rev1/rev1.ip_user_files/bd/system/ip/system_ilmb_bram_if_cntlr_0/sim/system_ilmb_bram_if_cntlr_0.vhd" into library xil_defaultlib
INFO: [VRFC 10-307] analyzing entity system_ilmb_bram_if_cntlr_0
INFO: [VRFC 10-163] Analyzing VHDL file "E:/datafiles/emilia/kitchen/modification/rev1/rev1.ip_user_files/bd/system/ip/system_microblaze_0_axi_intc_0/sim/system_microblaze_0_axi_intc_0.vhd" into library xil_defaultlib
INFO: [VRFC 10-307] analyzing entity system_microblaze_0_axi_intc_0
INFO: [VRFC 10-163] Analyzing VHDL file "E:/datafiles/emilia/kitchen/modification/rev1/rev1.ip_user_files/bd/system/ip/system_mdm_1_0/sim/system_mdm_1_0.vhd" into library xil_defaultlib
INFO: [VRFC 10-307] analyzing entity system_mdm_1_0
INFO: [VRFC 10-163] Analyzing VHDL file "E:/datafiles/emilia/kitchen/modification/rev1/rev1.ip_user_files/bd/system/ip/system_rst_mig_7series_0_83M_0/sim/system_rst_mig_7series_0_83M_0.vhd" into library xil_defaultlib
INFO: [VRFC 10-307] analyzing entity system_rst_mig_7series_0_83M_0
INFO: [VRFC 10-163] Analyzing VHDL file "E:/datafiles/emilia/kitchen/modification/rev1/rev1.ip_user_files/bd/system/ip/system_axi_uartlite_0_0/sim/system_axi_uartlite_0_0.vhd" into library xil_defaultlib
INFO: [VRFC 10-307] analyzing entity system_axi_uartlite_0_0
INFO: [VRFC 10-163] Analyzing VHDL file "E:/datafiles/emilia/kitchen/modification/rev1/rev1.ip_user_files/bd/system/ip/system_axi_ethernetlite_0_0/sim/system_axi_ethernetlite_0_0.vhd" into library xil_defaultlib
INFO: [VRFC 10-307] analyzing entity system_axi_ethernetlite_0_0
INFO: [VRFC 10-163] Analyzing VHDL file "E:/datafiles/emilia/kitchen/modification/rev1/rev1.ip_user_files/bd/system/ip/system_axi_timer_0_0/sim/system_axi_timer_0_0.vhd" into library xil_defaultlib
INFO: [VRFC 10-307] analyzing entity system_axi_timer_0_0
INFO: [VRFC 10-163] Analyzing VHDL file "E:/datafiles/emilia/kitchen/modification/rev1/rev1.ip_user_files/bd/system/ip/system_axi_timer_1_0/sim/system_axi_timer_1_0.vhd" into library xil_defaultlib
INFO: [VRFC 10-307] analyzing entity system_axi_timer_1_0
INFO: [VRFC 10-163] Analyzing VHDL file "E:/datafiles/emilia/kitchen/modification/rev1/rev1.ip_user_files/bd/system/ip/system_axi_gpio_0_0/sim/system_axi_gpio_0_0.vhd" into library xil_defaultlib
INFO: [VRFC 10-307] analyzing entity system_axi_gpio_0_0
INFO: [VRFC 10-163] Analyzing VHDL file "E:/datafiles/emilia/kitchen/modification/rev1/rev1.ip_user_files/bd/system/ip/system_axi_gpio_1_0/sim/system_axi_gpio_1_0.vhd" into library xil_defaultlib
INFO: [VRFC 10-307] analyzing entity system_axi_gpio_1_0
