
*** Running vivado
    with args -log system_xadc_wiz_0_0.vds -m64 -product Vivado -mode batch -messageDb vivado.pb -notrace -source system_xadc_wiz_0_0.tcl


****** Vivado v2016.4 (64-bit)
  **** SW Build 1756540 on Mon Jan 23 19:11:23 MST 2017
  **** IP Build 1755317 on Mon Jan 23 20:30:07 MST 2017
    ** Copyright 1986-2016 Xilinx, Inc. All Rights Reserved.

source system_xadc_wiz_0_0.tcl -notrace
Starting RTL Elaboration : Time (s): cpu = 00:00:09 ; elapsed = 00:00:14 . Memory (MB): peak = 299.000 ; gain = 88.730
INFO: [Synth 8-638] synthesizing module 'system_xadc_wiz_0_0' [e:/datafiles/emilia/kitchen/modification/rev1/rev1.srcs/sources_1/bd/system/ip/system_xadc_wiz_0_0_3/system_xadc_wiz_0_0.v:53]
INFO: [Synth 8-638] synthesizing module 'system_xadc_wiz_0_0_axi_xadc' [e:/datafiles/emilia/kitchen/modification/rev1/rev1.srcs/sources_1/bd/system/ip/system_xadc_wiz_0_0_3/system_xadc_wiz_0_0_axi_xadc.vhd:245]
INFO: [Synth 8-638] synthesizing module 'system_xadc_wiz_0_0_axi_lite_ipif' [e:/datafiles/emilia/kitchen/modification/rev1/rev1.srcs/sources_1/bd/system/ip/system_xadc_wiz_0_0_3/axi_lite_ipif_v1_01_a/hdl/src/vhdl/system_xadc_wiz_0_0_axi_lite_ipif.vhd:241]
INFO: [Synth 8-638] synthesizing module 'system_xadc_wiz_0_0_slave_attachment' [e:/datafiles/emilia/kitchen/modification/rev1/rev1.srcs/sources_1/bd/system/ip/system_xadc_wiz_0_0_3/axi_lite_ipif_v1_01_a/hdl/src/vhdl/system_xadc_wiz_0_0_slave_attachment.vhd:227]
INFO: [Synth 8-638] synthesizing module 'system_xadc_wiz_0_0_address_decoder' [e:/datafiles/emilia/kitchen/modification/rev1/rev1.srcs/sources_1/bd/system/ip/system_xadc_wiz_0_0_3/axi_lite_ipif_v1_01_a/hdl/src/vhdl/system_xadc_wiz_0_0_address_decoder.vhd:176]
INFO: [Synth 8-638] synthesizing module 'system_xadc_wiz_0_0_pselect_f' [e:/datafiles/emilia/kitchen/modification/rev1/rev1.srcs/sources_1/bd/system/ip/system_xadc_wiz_0_0_3/proc_common_v3_30_a/hdl/src/vhdl/system_xadc_wiz_0_0_pselect_f.vhd:167]
INFO: [Synth 8-256] done synthesizing module 'system_xadc_wiz_0_0_pselect_f' (1#1) [e:/datafiles/emilia/kitchen/modification/rev1/rev1.srcs/sources_1/bd/system/ip/system_xadc_wiz_0_0_3/proc_common_v3_30_a/hdl/src/vhdl/system_xadc_wiz_0_0_pselect_f.vhd:167]
INFO: [Synth 8-638] synthesizing module 'system_xadc_wiz_0_0_pselect_f__parameterized0' [e:/datafiles/emilia/kitchen/modification/rev1/rev1.srcs/sources_1/bd/system/ip/system_xadc_wiz_0_0_3/proc_common_v3_30_a/hdl/src/vhdl/system_xadc_wiz_0_0_pselect_f.vhd:167]
INFO: [Synth 8-256] done synthesizing module 'system_xadc_wiz_0_0_pselect_f__parameterized0' (1#1) [e:/datafiles/emilia/kitchen/modification/rev1/rev1.srcs/sources_1/bd/system/ip/system_xadc_wiz_0_0_3/proc_common_v3_30_a/hdl/src/vhdl/system_xadc_wiz_0_0_pselect_f.vhd:167]
INFO: [Synth 8-638] synthesizing module 'system_xadc_wiz_0_0_pselect_f__parameterized1' [e:/datafiles/emilia/kitchen/modification/rev1/rev1.srcs/sources_1/bd/system/ip/system_xadc_wiz_0_0_3/proc_common_v3_30_a/hdl/src/vhdl/system_xadc_wiz_0_0_pselect_f.vhd:167]
INFO: [Synth 8-256] done synthesizing module 'system_xadc_wiz_0_0_pselect_f__parameterized1' (1#1) [e:/datafiles/emilia/kitchen/modification/rev1/rev1.srcs/sources_1/bd/system/ip/system_xadc_wiz_0_0_3/proc_common_v3_30_a/hdl/src/vhdl/system_xadc_wiz_0_0_pselect_f.vhd:167]
INFO: [Synth 8-638] synthesizing module 'system_xadc_wiz_0_0_pselect_f__parameterized2' [e:/datafiles/emilia/kitchen/modification/rev1/rev1.srcs/sources_1/bd/system/ip/system_xadc_wiz_0_0_3/proc_common_v3_30_a/hdl/src/vhdl/system_xadc_wiz_0_0_pselect_f.vhd:167]
INFO: [Synth 8-256] done synthesizing module 'system_xadc_wiz_0_0_pselect_f__parameterized2' (1#1) [e:/datafiles/emilia/kitchen/modification/rev1/rev1.srcs/sources_1/bd/system/ip/system_xadc_wiz_0_0_3/proc_common_v3_30_a/hdl/src/vhdl/system_xadc_wiz_0_0_pselect_f.vhd:167]
INFO: [Synth 8-638] synthesizing module 'system_xadc_wiz_0_0_pselect_f__parameterized3' [e:/datafiles/emilia/kitchen/modification/rev1/rev1.srcs/sources_1/bd/system/ip/system_xadc_wiz_0_0_3/proc_common_v3_30_a/hdl/src/vhdl/system_xadc_wiz_0_0_pselect_f.vhd:167]
INFO: [Synth 8-256] done synthesizing module 'system_xadc_wiz_0_0_pselect_f__parameterized3' (1#1) [e:/datafiles/emilia/kitchen/modification/rev1/rev1.srcs/sources_1/bd/system/ip/system_xadc_wiz_0_0_3/proc_common_v3_30_a/hdl/src/vhdl/system_xadc_wiz_0_0_pselect_f.vhd:167]
INFO: [Synth 8-638] synthesizing module 'system_xadc_wiz_0_0_pselect_f__parameterized4' [e:/datafiles/emilia/kitchen/modification/rev1/rev1.srcs/sources_1/bd/system/ip/system_xadc_wiz_0_0_3/proc_common_v3_30_a/hdl/src/vhdl/system_xadc_wiz_0_0_pselect_f.vhd:167]
INFO: [Synth 8-256] done synthesizing module 'system_xadc_wiz_0_0_pselect_f__parameterized4' (1#1) [e:/datafiles/emilia/kitchen/modification/rev1/rev1.srcs/sources_1/bd/system/ip/system_xadc_wiz_0_0_3/proc_common_v3_30_a/hdl/src/vhdl/system_xadc_wiz_0_0_pselect_f.vhd:167]
INFO: [Synth 8-638] synthesizing module 'system_xadc_wiz_0_0_pselect_f__parameterized5' [e:/datafiles/emilia/kitchen/modification/rev1/rev1.srcs/sources_1/bd/system/ip/system_xadc_wiz_0_0_3/proc_common_v3_30_a/hdl/src/vhdl/system_xadc_wiz_0_0_pselect_f.vhd:167]
INFO: [Synth 8-256] done synthesizing module 'system_xadc_wiz_0_0_pselect_f__parameterized5' (1#1) [e:/datafiles/emilia/kitchen/modification/rev1/rev1.srcs/sources_1/bd/system/ip/system_xadc_wiz_0_0_3/proc_common_v3_30_a/hdl/src/vhdl/system_xadc_wiz_0_0_pselect_f.vhd:167]
INFO: [Synth 8-638] synthesizing module 'system_xadc_wiz_0_0_pselect_f__parameterized6' [e:/datafiles/emilia/kitchen/modification/rev1/rev1.srcs/sources_1/bd/system/ip/system_xadc_wiz_0_0_3/proc_common_v3_30_a/hdl/src/vhdl/system_xadc_wiz_0_0_pselect_f.vhd:167]
INFO: [Synth 8-256] done synthesizing module 'system_xadc_wiz_0_0_pselect_f__parameterized6' (1#1) [e:/datafiles/emilia/kitchen/modification/rev1/rev1.srcs/sources_1/bd/system/ip/system_xadc_wiz_0_0_3/proc_common_v3_30_a/hdl/src/vhdl/system_xadc_wiz_0_0_pselect_f.vhd:167]
INFO: [Synth 8-638] synthesizing module 'system_xadc_wiz_0_0_pselect_f__parameterized7' [e:/datafiles/emilia/kitchen/modification/rev1/rev1.srcs/sources_1/bd/system/ip/system_xadc_wiz_0_0_3/proc_common_v3_30_a/hdl/src/vhdl/system_xadc_wiz_0_0_pselect_f.vhd:167]
INFO: [Synth 8-256] done synthesizing module 'system_xadc_wiz_0_0_pselect_f__parameterized7' (1#1) [e:/datafiles/emilia/kitchen/modification/rev1/rev1.srcs/sources_1/bd/system/ip/system_xadc_wiz_0_0_3/proc_common_v3_30_a/hdl/src/vhdl/system_xadc_wiz_0_0_pselect_f.vhd:167]
INFO: [Synth 8-638] synthesizing module 'system_xadc_wiz_0_0_pselect_f__parameterized8' [e:/datafiles/emilia/kitchen/modification/rev1/rev1.srcs/sources_1/bd/system/ip/system_xadc_wiz_0_0_3/proc_common_v3_30_a/hdl/src/vhdl/system_xadc_wiz_0_0_pselect_f.vhd:167]
INFO: [Synth 8-256] done synthesizing module 'system_xadc_wiz_0_0_pselect_f__parameterized8' (1#1) [e:/datafiles/emilia/kitchen/modification/rev1/rev1.srcs/sources_1/bd/system/ip/system_xadc_wiz_0_0_3/proc_common_v3_30_a/hdl/src/vhdl/system_xadc_wiz_0_0_pselect_f.vhd:167]
INFO: [Synth 8-638] synthesizing module 'system_xadc_wiz_0_0_pselect_f__parameterized9' [e:/datafiles/emilia/kitchen/modification/rev1/rev1.srcs/sources_1/bd/system/ip/system_xadc_wiz_0_0_3/proc_common_v3_30_a/hdl/src/vhdl/system_xadc_wiz_0_0_pselect_f.vhd:167]
INFO: [Synth 8-256] done synthesizing module 'system_xadc_wiz_0_0_pselect_f__parameterized9' (1#1) [e:/datafiles/emilia/kitchen/modification/rev1/rev1.srcs/sources_1/bd/system/ip/system_xadc_wiz_0_0_3/proc_common_v3_30_a/hdl/src/vhdl/system_xadc_wiz_0_0_pselect_f.vhd:167]
INFO: [Synth 8-638] synthesizing module 'system_xadc_wiz_0_0_pselect_f__parameterized10' [e:/datafiles/emilia/kitchen/modification/rev1/rev1.srcs/sources_1/bd/system/ip/system_xadc_wiz_0_0_3/proc_common_v3_30_a/hdl/src/vhdl/system_xadc_wiz_0_0_pselect_f.vhd:167]
INFO: [Synth 8-256] done synthesizing module 'system_xadc_wiz_0_0_pselect_f__parameterized10' (1#1) [e:/datafiles/emilia/kitchen/modification/rev1/rev1.srcs/sources_1/bd/system/ip/system_xadc_wiz_0_0_3/proc_common_v3_30_a/hdl/src/vhdl/system_xadc_wiz_0_0_pselect_f.vhd:167]
INFO: [Synth 8-638] synthesizing module 'system_xadc_wiz_0_0_pselect_f__parameterized11' [e:/datafiles/emilia/kitchen/modification/rev1/rev1.srcs/sources_1/bd/system/ip/system_xadc_wiz_0_0_3/proc_common_v3_30_a/hdl/src/vhdl/system_xadc_wiz_0_0_pselect_f.vhd:167]
INFO: [Synth 8-256] done synthesizing module 'system_xadc_wiz_0_0_pselect_f__parameterized11' (1#1) [e:/datafiles/emilia/kitchen/modification/rev1/rev1.srcs/sources_1/bd/system/ip/system_xadc_wiz_0_0_3/proc_common_v3_30_a/hdl/src/vhdl/system_xadc_wiz_0_0_pselect_f.vhd:167]
INFO: [Synth 8-638] synthesizing module 'system_xadc_wiz_0_0_pselect_f__parameterized12' [e:/datafiles/emilia/kitchen/modification/rev1/rev1.srcs/sources_1/bd/system/ip/system_xadc_wiz_0_0_3/proc_common_v3_30_a/hdl/src/vhdl/system_xadc_wiz_0_0_pselect_f.vhd:167]
INFO: [Synth 8-256] done synthesizing module 'system_xadc_wiz_0_0_pselect_f__parameterized12' (1#1) [e:/datafiles/emilia/kitchen/modification/rev1/rev1.srcs/sources_1/bd/system/ip/system_xadc_wiz_0_0_3/proc_common_v3_30_a/hdl/src/vhdl/system_xadc_wiz_0_0_pselect_f.vhd:167]
INFO: [Synth 8-638] synthesizing module 'system_xadc_wiz_0_0_pselect_f__parameterized13' [e:/datafiles/emilia/kitchen/modification/rev1/rev1.srcs/sources_1/bd/system/ip/system_xadc_wiz_0_0_3/proc_common_v3_30_a/hdl/src/vhdl/system_xadc_wiz_0_0_pselect_f.vhd:167]
INFO: [Synth 8-256] done synthesizing module 'system_xadc_wiz_0_0_pselect_f__parameterized13' (1#1) [e:/datafiles/emilia/kitchen/modification/rev1/rev1.srcs/sources_1/bd/system/ip/system_xadc_wiz_0_0_3/proc_common_v3_30_a/hdl/src/vhdl/system_xadc_wiz_0_0_pselect_f.vhd:167]
INFO: [Synth 8-638] synthesizing module 'system_xadc_wiz_0_0_pselect_f__parameterized14' [e:/datafiles/emilia/kitchen/modification/rev1/rev1.srcs/sources_1/bd/system/ip/system_xadc_wiz_0_0_3/proc_common_v3_30_a/hdl/src/vhdl/system_xadc_wiz_0_0_pselect_f.vhd:167]
INFO: [Synth 8-256] done synthesizing module 'system_xadc_wiz_0_0_pselect_f__parameterized14' (1#1) [e:/datafiles/emilia/kitchen/modification/rev1/rev1.srcs/sources_1/bd/system/ip/system_xadc_wiz_0_0_3/proc_common_v3_30_a/hdl/src/vhdl/system_xadc_wiz_0_0_pselect_f.vhd:167]
INFO: [Synth 8-638] synthesizing module 'system_xadc_wiz_0_0_pselect_f__parameterized15' [e:/datafiles/emilia/kitchen/modification/rev1/rev1.srcs/sources_1/bd/system/ip/system_xadc_wiz_0_0_3/proc_common_v3_30_a/hdl/src/vhdl/system_xadc_wiz_0_0_pselect_f.vhd:167]
INFO: [Synth 8-256] done synthesizing module 'system_xadc_wiz_0_0_pselect_f__parameterized15' (1#1) [e:/datafiles/emilia/kitchen/modification/rev1/rev1.srcs/sources_1/bd/system/ip/system_xadc_wiz_0_0_3/proc_common_v3_30_a/hdl/src/vhdl/system_xadc_wiz_0_0_pselect_f.vhd:167]
INFO: [Synth 8-638] synthesizing module 'system_xadc_wiz_0_0_pselect_f__parameterized16' [e:/datafiles/emilia/kitchen/modification/rev1/rev1.srcs/sources_1/bd/system/ip/system_xadc_wiz_0_0_3/proc_common_v3_30_a/hdl/src/vhdl/system_xadc_wiz_0_0_pselect_f.vhd:167]
INFO: [Synth 8-256] done synthesizing module 'system_xadc_wiz_0_0_pselect_f__parameterized16' (1#1) [e:/datafiles/emilia/kitchen/modification/rev1/rev1.srcs/sources_1/bd/system/ip/system_xadc_wiz_0_0_3/proc_common_v3_30_a/hdl/src/vhdl/system_xadc_wiz_0_0_pselect_f.vhd:167]
INFO: [Synth 8-638] synthesizing module 'system_xadc_wiz_0_0_pselect_f__parameterized17' [e:/datafiles/emilia/kitchen/modification/rev1/rev1.srcs/sources_1/bd/system/ip/system_xadc_wiz_0_0_3/proc_common_v3_30_a/hdl/src/vhdl/system_xadc_wiz_0_0_pselect_f.vhd:167]
INFO: [Synth 8-256] done synthesizing module 'system_xadc_wiz_0_0_pselect_f__parameterized17' (1#1) [e:/datafiles/emilia/kitchen/modification/rev1/rev1.srcs/sources_1/bd/system/ip/system_xadc_wiz_0_0_3/proc_common_v3_30_a/hdl/src/vhdl/system_xadc_wiz_0_0_pselect_f.vhd:167]
INFO: [Synth 8-638] synthesizing module 'system_xadc_wiz_0_0_pselect_f__parameterized18' [e:/datafiles/emilia/kitchen/modification/rev1/rev1.srcs/sources_1/bd/system/ip/system_xadc_wiz_0_0_3/proc_common_v3_30_a/hdl/src/vhdl/system_xadc_wiz_0_0_pselect_f.vhd:167]
INFO: [Synth 8-256] done synthesizing module 'system_xadc_wiz_0_0_pselect_f__parameterized18' (1#1) [e:/datafiles/emilia/kitchen/modification/rev1/rev1.srcs/sources_1/bd/system/ip/system_xadc_wiz_0_0_3/proc_common_v3_30_a/hdl/src/vhdl/system_xadc_wiz_0_0_pselect_f.vhd:167]
INFO: [Synth 8-638] synthesizing module 'system_xadc_wiz_0_0_pselect_f__parameterized19' [e:/datafiles/emilia/kitchen/modification/rev1/rev1.srcs/sources_1/bd/system/ip/system_xadc_wiz_0_0_3/proc_common_v3_30_a/hdl/src/vhdl/system_xadc_wiz_0_0_pselect_f.vhd:167]
INFO: [Synth 8-256] done synthesizing module 'system_xadc_wiz_0_0_pselect_f__parameterized19' (1#1) [e:/datafiles/emilia/kitchen/modification/rev1/rev1.srcs/sources_1/bd/system/ip/system_xadc_wiz_0_0_3/proc_common_v3_30_a/hdl/src/vhdl/system_xadc_wiz_0_0_pselect_f.vhd:167]
INFO: [Synth 8-638] synthesizing module 'system_xadc_wiz_0_0_pselect_f__parameterized20' [e:/datafiles/emilia/kitchen/modification/rev1/rev1.srcs/sources_1/bd/system/ip/system_xadc_wiz_0_0_3/proc_common_v3_30_a/hdl/src/vhdl/system_xadc_wiz_0_0_pselect_f.vhd:167]
INFO: [Synth 8-256] done synthesizing module 'system_xadc_wiz_0_0_pselect_f__parameterized20' (1#1) [e:/datafiles/emilia/kitchen/modification/rev1/rev1.srcs/sources_1/bd/system/ip/system_xadc_wiz_0_0_3/proc_common_v3_30_a/hdl/src/vhdl/system_xadc_wiz_0_0_pselect_f.vhd:167]
INFO: [Synth 8-638] synthesizing module 'system_xadc_wiz_0_0_pselect_f__parameterized21' [e:/datafiles/emilia/kitchen/modification/rev1/rev1.srcs/sources_1/bd/system/ip/system_xadc_wiz_0_0_3/proc_common_v3_30_a/hdl/src/vhdl/system_xadc_wiz_0_0_pselect_f.vhd:167]
INFO: [Synth 8-256] done synthesizing module 'system_xadc_wiz_0_0_pselect_f__parameterized21' (1#1) [e:/datafiles/emilia/kitchen/modification/rev1/rev1.srcs/sources_1/bd/system/ip/system_xadc_wiz_0_0_3/proc_common_v3_30_a/hdl/src/vhdl/system_xadc_wiz_0_0_pselect_f.vhd:167]
INFO: [Synth 8-638] synthesizing module 'system_xadc_wiz_0_0_pselect_f__parameterized22' [e:/datafiles/emilia/kitchen/modification/rev1/rev1.srcs/sources_1/bd/system/ip/system_xadc_wiz_0_0_3/proc_common_v3_30_a/hdl/src/vhdl/system_xadc_wiz_0_0_pselect_f.vhd:167]
INFO: [Synth 8-256] done synthesizing module 'system_xadc_wiz_0_0_pselect_f__parameterized22' (1#1) [e:/datafiles/emilia/kitchen/modification/rev1/rev1.srcs/sources_1/bd/system/ip/system_xadc_wiz_0_0_3/proc_common_v3_30_a/hdl/src/vhdl/system_xadc_wiz_0_0_pselect_f.vhd:167]
INFO: [Synth 8-638] synthesizing module 'system_xadc_wiz_0_0_pselect_f__parameterized23' [e:/datafiles/emilia/kitchen/modification/rev1/rev1.srcs/sources_1/bd/system/ip/system_xadc_wiz_0_0_3/proc_common_v3_30_a/hdl/src/vhdl/system_xadc_wiz_0_0_pselect_f.vhd:167]
INFO: [Synth 8-256] done synthesizing module 'system_xadc_wiz_0_0_pselect_f__parameterized23' (1#1) [e:/datafiles/emilia/kitchen/modification/rev1/rev1.srcs/sources_1/bd/system/ip/system_xadc_wiz_0_0_3/proc_common_v3_30_a/hdl/src/vhdl/system_xadc_wiz_0_0_pselect_f.vhd:167]
INFO: [Synth 8-638] synthesizing module 'system_xadc_wiz_0_0_pselect_f__parameterized24' [e:/datafiles/emilia/kitchen/modification/rev1/rev1.srcs/sources_1/bd/system/ip/system_xadc_wiz_0_0_3/proc_common_v3_30_a/hdl/src/vhdl/system_xadc_wiz_0_0_pselect_f.vhd:167]
INFO: [Synth 8-256] done synthesizing module 'system_xadc_wiz_0_0_pselect_f__parameterized24' (1#1) [e:/datafiles/emilia/kitchen/modification/rev1/rev1.srcs/sources_1/bd/system/ip/system_xadc_wiz_0_0_3/proc_common_v3_30_a/hdl/src/vhdl/system_xadc_wiz_0_0_pselect_f.vhd:167]
INFO: [Synth 8-638] synthesizing module 'system_xadc_wiz_0_0_pselect_f__parameterized25' [e:/datafiles/emilia/kitchen/modification/rev1/rev1.srcs/sources_1/bd/system/ip/system_xadc_wiz_0_0_3/proc_common_v3_30_a/hdl/src/vhdl/system_xadc_wiz_0_0_pselect_f.vhd:167]
INFO: [Synth 8-256] done synthesizing module 'system_xadc_wiz_0_0_pselect_f__parameterized25' (1#1) [e:/datafiles/emilia/kitchen/modification/rev1/rev1.srcs/sources_1/bd/system/ip/system_xadc_wiz_0_0_3/proc_common_v3_30_a/hdl/src/vhdl/system_xadc_wiz_0_0_pselect_f.vhd:167]
INFO: [Synth 8-256] done synthesizing module 'system_xadc_wiz_0_0_address_decoder' (2#1) [e:/datafiles/emilia/kitchen/modification/rev1/rev1.srcs/sources_1/bd/system/ip/system_xadc_wiz_0_0_3/axi_lite_ipif_v1_01_a/hdl/src/vhdl/system_xadc_wiz_0_0_address_decoder.vhd:176]
INFO: [Synth 8-256] done synthesizing module 'system_xadc_wiz_0_0_slave_attachment' (3#1) [e:/datafiles/emilia/kitchen/modification/rev1/rev1.srcs/sources_1/bd/system/ip/system_xadc_wiz_0_0_3/axi_lite_ipif_v1_01_a/hdl/src/vhdl/system_xadc_wiz_0_0_slave_attachment.vhd:227]
INFO: [Synth 8-256] done synthesizing module 'system_xadc_wiz_0_0_axi_lite_ipif' (4#1) [e:/datafiles/emilia/kitchen/modification/rev1/rev1.srcs/sources_1/bd/system/ip/system_xadc_wiz_0_0_3/axi_lite_ipif_v1_01_a/hdl/src/vhdl/system_xadc_wiz_0_0_axi_lite_ipif.vhd:241]
INFO: [Synth 8-638] synthesizing module 'system_xadc_wiz_0_0_xadc_core_drp' [e:/datafiles/emilia/kitchen/modification/rev1/rev1.srcs/sources_1/bd/system/ip/system_xadc_wiz_0_0_3/system_xadc_wiz_0_0_xadc_core_drp.vhd:193]
INFO: [Synth 8-256] done synthesizing module 'system_xadc_wiz_0_0_xadc_core_drp' (5#1) [e:/datafiles/emilia/kitchen/modification/rev1/rev1.srcs/sources_1/bd/system/ip/system_xadc_wiz_0_0_3/system_xadc_wiz_0_0_xadc_core_drp.vhd:193]
INFO: [Synth 8-638] synthesizing module 'system_xadc_wiz_0_0_soft_reset' [e:/datafiles/emilia/kitchen/modification/rev1/rev1.srcs/sources_1/bd/system/ip/system_xadc_wiz_0_0_3/proc_common_v3_30_a/hdl/src/vhdl/system_xadc_wiz_0_0_soft_reset.vhd:142]
INFO: [Synth 8-256] done synthesizing module 'system_xadc_wiz_0_0_soft_reset' (6#1) [e:/datafiles/emilia/kitchen/modification/rev1/rev1.srcs/sources_1/bd/system/ip/system_xadc_wiz_0_0_3/proc_common_v3_30_a/hdl/src/vhdl/system_xadc_wiz_0_0_soft_reset.vhd:142]
INFO: [Synth 8-638] synthesizing module 'system_xadc_wiz_0_0_interrupt_control' [e:/datafiles/emilia/kitchen/modification/rev1/rev1.srcs/sources_1/bd/system/ip/system_xadc_wiz_0_0_3/interrupt_control_v2_01_a/hdl/src/vhdl/system_xadc_wiz_0_0_interrupt_control.vhd:240]
INFO: [Synth 8-256] done synthesizing module 'system_xadc_wiz_0_0_interrupt_control' (7#1) [e:/datafiles/emilia/kitchen/modification/rev1/rev1.srcs/sources_1/bd/system/ip/system_xadc_wiz_0_0_3/interrupt_control_v2_01_a/hdl/src/vhdl/system_xadc_wiz_0_0_interrupt_control.vhd:240]
INFO: [Synth 8-256] done synthesizing module 'system_xadc_wiz_0_0_axi_xadc' (8#1) [e:/datafiles/emilia/kitchen/modification/rev1/rev1.srcs/sources_1/bd/system/ip/system_xadc_wiz_0_0_3/system_xadc_wiz_0_0_axi_xadc.vhd:245]
INFO: [Synth 8-256] done synthesizing module 'system_xadc_wiz_0_0' (9#1) [e:/datafiles/emilia/kitchen/modification/rev1/rev1.srcs/sources_1/bd/system/ip/system_xadc_wiz_0_0_3/system_xadc_wiz_0_0.v:53]
Finished RTL Elaboration : Time (s): cpu = 00:00:25 ; elapsed = 00:00:32 . Memory (MB): peak = 369.086 ; gain = 158.816
Finished RTL Optimization Phase 1 : Time (s): cpu = 00:00:25 ; elapsed = 00:00:32 . Memory (MB): peak = 369.086 ; gain = 158.816
INFO: [Device 21-403] Loading part xc7a35ticsg324-1L
Constraint Validation Runtime : Time (s): cpu = 00:00:00 ; elapsed = 00:00:00.036 . Memory (MB): peak = 632.328 ; gain = 0.035
Finished Constraint Validation : Time (s): cpu = 00:00:37 ; elapsed = 00:00:46 . Memory (MB): peak = 632.328 ; gain = 422.059
Finished Loading Part and Timing Information : Time (s): cpu = 00:00:37 ; elapsed = 00:00:46 . Memory (MB): peak = 632.328 ; gain = 422.059
Finished applying 'set_property' XDC Constraints : Time (s): cpu = 00:00:37 ; elapsed = 00:00:46 . Memory (MB): peak = 632.328 ; gain = 422.059
Finished RTL Optimization Phase 2 : Time (s): cpu = 00:00:38 ; elapsed = 00:00:47 . Memory (MB): peak = 632.328 ; gain = 422.059
Finished Cross Boundary and Area Optimization : Time (s): cpu = 00:00:40 ; elapsed = 00:00:50 . Memory (MB): peak = 632.328 ; gain = 422.059
Finished Applying XDC Timing Constraints : Time (s): cpu = 00:00:52 ; elapsed = 00:01:01 . Memory (MB): peak = 632.328 ; gain = 422.059
Finished Timing Optimization : Time (s): cpu = 00:00:53 ; elapsed = 00:01:02 . Memory (MB): peak = 632.328 ; gain = 422.059
Finished Technology Mapping : Time (s): cpu = 00:00:53 ; elapsed = 00:01:03 . Memory (MB): peak = 632.328 ; gain = 422.059
Finished IO Insertion : Time (s): cpu = 00:00:53 ; elapsed = 00:01:03 . Memory (MB): peak = 632.328 ; gain = 422.059
Finished Renaming Generated Instances : Time (s): cpu = 00:00:53 ; elapsed = 00:01:03 . Memory (MB): peak = 632.328 ; gain = 422.059
Finished Rebuilding User Hierarchy : Time (s): cpu = 00:00:53 ; elapsed = 00:01:03 . Memory (MB): peak = 632.328 ; gain = 422.059
Finished Renaming Generated Ports : Time (s): cpu = 00:00:54 ; elapsed = 00:01:03 . Memory (MB): peak = 632.328 ; gain = 422.059
Finished Handling Custom Attributes : Time (s): cpu = 00:00:54 ; elapsed = 00:01:03 . Memory (MB): peak = 632.328 ; gain = 422.059
Finished Renaming Generated Nets : Time (s): cpu = 00:00:54 ; elapsed = 00:01:03 . Memory (MB): peak = 632.328 ; gain = 422.059

Report Cell Usage: 
+------+-----+------+
|      |Cell |Count |
+------+-----+------+
|1     |LUT1 |     2|
|2     |LUT2 |    37|
|3     |LUT3 |    23|
|4     |LUT4 |    21|
|5     |LUT5 |    50|
|6     |LUT6 |    63|
|7     |XADC |     1|
|8     |FDRE |   205|
|9     |FDSE |    30|
+------+-----+------+
Finished Writing Synthesis Report : Time (s): cpu = 00:00:54 ; elapsed = 00:01:03 . Memory (MB): peak = 632.328 ; gain = 422.059
synth_design: Time (s): cpu = 00:00:50 ; elapsed = 00:00:58 . Memory (MB): peak = 632.328 ; gain = 412.652
