
*** Running vivado
    with args -log system_xadc_wiz_0_0.vds -m64 -product Vivado -mode batch -messageDb vivado.pb -notrace -source system_xadc_wiz_0_0.tcl


****** Vivado v2016.4 (64-bit)
  **** SW Build 1733598 on Wed Dec 14 22:35:39 MST 2016
  **** IP Build 1731160 on Wed Dec 14 23:47:21 MST 2016
    ** Copyright 1986-2016 Xilinx, Inc. All Rights Reserved.

source system_xadc_wiz_0_0.tcl -notrace
Starting RTL Elaboration : Time (s): cpu = 00:00:07 ; elapsed = 00:00:11 . Memory (MB): peak = 309.012 ; gain = 98.750
INFO: [Synth 8-638] synthesizing module 'system_xadc_wiz_0_0' [c:/git/GIT/emiKitchenFPGA_2016.4/rev1/rev1.srcs/sources_1/bd/system/ip/system_xadc_wiz_0_0_3/system_xadc_wiz_0_0.v:53]
INFO: [Synth 8-638] synthesizing module 'system_xadc_wiz_0_0_axi_xadc' [c:/git/GIT/emiKitchenFPGA_2016.4/rev1/rev1.srcs/sources_1/bd/system/ip/system_xadc_wiz_0_0_3/system_xadc_wiz_0_0_axi_xadc.vhd:245]
INFO: [Synth 8-638] synthesizing module 'system_xadc_wiz_0_0_axi_lite_ipif' [c:/git/GIT/emiKitchenFPGA_2016.4/rev1/rev1.srcs/sources_1/bd/system/ip/system_xadc_wiz_0_0_3/axi_lite_ipif_v1_01_a/hdl/src/vhdl/system_xadc_wiz_0_0_axi_lite_ipif.vhd:241]
INFO: [Synth 8-638] synthesizing module 'system_xadc_wiz_0_0_slave_attachment' [c:/git/GIT/emiKitchenFPGA_2016.4/rev1/rev1.srcs/sources_1/bd/system/ip/system_xadc_wiz_0_0_3/axi_lite_ipif_v1_01_a/hdl/src/vhdl/system_xadc_wiz_0_0_slave_attachment.vhd:227]
INFO: [Synth 8-638] synthesizing module 'system_xadc_wiz_0_0_address_decoder' [c:/git/GIT/emiKitchenFPGA_2016.4/rev1/rev1.srcs/sources_1/bd/system/ip/system_xadc_wiz_0_0_3/axi_lite_ipif_v1_01_a/hdl/src/vhdl/system_xadc_wiz_0_0_address_decoder.vhd:176]
INFO: [Synth 8-638] synthesizing module 'system_xadc_wiz_0_0_pselect_f' [c:/git/GIT/emiKitchenFPGA_2016.4/rev1/rev1.srcs/sources_1/bd/system/ip/system_xadc_wiz_0_0_3/proc_common_v3_30_a/hdl/src/vhdl/system_xadc_wiz_0_0_pselect_f.vhd:167]
INFO: [Synth 8-256] done synthesizing module 'system_xadc_wiz_0_0_pselect_f' (1#1) [c:/git/GIT/emiKitchenFPGA_2016.4/rev1/rev1.srcs/sources_1/bd/system/ip/system_xadc_wiz_0_0_3/proc_common_v3_30_a/hdl/src/vhdl/system_xadc_wiz_0_0_pselect_f.vhd:167]
INFO: [Synth 8-638] synthesizing module 'system_xadc_wiz_0_0_pselect_f__parameterized0' [c:/git/GIT/emiKitchenFPGA_2016.4/rev1/rev1.srcs/sources_1/bd/system/ip/system_xadc_wiz_0_0_3/proc_common_v3_30_a/hdl/src/vhdl/system_xadc_wiz_0_0_pselect_f.vhd:167]
INFO: [Synth 8-256] done synthesizing module 'system_xadc_wiz_0_0_pselect_f__parameterized0' (1#1) [c:/git/GIT/emiKitchenFPGA_2016.4/rev1/rev1.srcs/sources_1/bd/system/ip/system_xadc_wiz_0_0_3/proc_common_v3_30_a/hdl/src/vhdl/system_xadc_wiz_0_0_pselect_f.vhd:167]
INFO: [Synth 8-638] synthesizing module 'system_xadc_wiz_0_0_pselect_f__parameterized1' [c:/git/GIT/emiKitchenFPGA_2016.4/rev1/rev1.srcs/sources_1/bd/system/ip/system_xadc_wiz_0_0_3/proc_common_v3_30_a/hdl/src/vhdl/system_xadc_wiz_0_0_pselect_f.vhd:167]
INFO: [Synth 8-256] done synthesizing module 'system_xadc_wiz_0_0_pselect_f__parameterized1' (1#1) [c:/git/GIT/emiKitchenFPGA_2016.4/rev1/rev1.srcs/sources_1/bd/system/ip/system_xadc_wiz_0_0_3/proc_common_v3_30_a/hdl/src/vhdl/system_xadc_wiz_0_0_pselect_f.vhd:167]
INFO: [Synth 8-638] synthesizing module 'system_xadc_wiz_0_0_pselect_f__parameterized2' [c:/git/GIT/emiKitchenFPGA_2016.4/rev1/rev1.srcs/sources_1/bd/system/ip/system_xadc_wiz_0_0_3/proc_common_v3_30_a/hdl/src/vhdl/system_xadc_wiz_0_0_pselect_f.vhd:167]
INFO: [Synth 8-256] done synthesizing module 'system_xadc_wiz_0_0_pselect_f__parameterized2' (1#1) [c:/git/GIT/emiKitchenFPGA_2016.4/rev1/rev1.srcs/sources_1/bd/system/ip/system_xadc_wiz_0_0_3/proc_common_v3_30_a/hdl/src/vhdl/system_xadc_wiz_0_0_pselect_f.vhd:167]
INFO: [Synth 8-638] synthesizing module 'system_xadc_wiz_0_0_pselect_f__parameterized3' [c:/git/GIT/emiKitchenFPGA_2016.4/rev1/rev1.srcs/sources_1/bd/system/ip/system_xadc_wiz_0_0_3/proc_common_v3_30_a/hdl/src/vhdl/system_xadc_wiz_0_0_pselect_f.vhd:167]
INFO: [Synth 8-256] done synthesizing module 'system_xadc_wiz_0_0_pselect_f__parameterized3' (1#1) [c:/git/GIT/emiKitchenFPGA_2016.4/rev1/rev1.srcs/sources_1/bd/system/ip/system_xadc_wiz_0_0_3/proc_common_v3_30_a/hdl/src/vhdl/system_xadc_wiz_0_0_pselect_f.vhd:167]
INFO: [Synth 8-638] synthesizing module 'system_xadc_wiz_0_0_pselect_f__parameterized4' [c:/git/GIT/emiKitchenFPGA_2016.4/rev1/rev1.srcs/sources_1/bd/system/ip/system_xadc_wiz_0_0_3/proc_common_v3_30_a/hdl/src/vhdl/system_xadc_wiz_0_0_pselect_f.vhd:167]
INFO: [Synth 8-256] done synthesizing module 'system_xadc_wiz_0_0_pselect_f__parameterized4' (1#1) [c:/git/GIT/emiKitchenFPGA_2016.4/rev1/rev1.srcs/sources_1/bd/system/ip/system_xadc_wiz_0_0_3/proc_common_v3_30_a/hdl/src/vhdl/system_xadc_wiz_0_0_pselect_f.vhd:167]
INFO: [Synth 8-638] synthesizing module 'system_xadc_wiz_0_0_pselect_f__parameterized5' [c:/git/GIT/emiKitchenFPGA_2016.4/rev1/rev1.srcs/sources_1/bd/system/ip/system_xadc_wiz_0_0_3/proc_common_v3_30_a/hdl/src/vhdl/system_xadc_wiz_0_0_pselect_f.vhd:167]
INFO: [Synth 8-256] done synthesizing module 'system_xadc_wiz_0_0_pselect_f__parameterized5' (1#1) [c:/git/GIT/emiKitchenFPGA_2016.4/rev1/rev1.srcs/sources_1/bd/system/ip/system_xadc_wiz_0_0_3/proc_common_v3_30_a/hdl/src/vhdl/system_xadc_wiz_0_0_pselect_f.vhd:167]
INFO: [Synth 8-638] synthesizing module 'system_xadc_wiz_0_0_pselect_f__parameterized6' [c:/git/GIT/emiKitchenFPGA_2016.4/rev1/rev1.srcs/sources_1/bd/system/ip/system_xadc_wiz_0_0_3/proc_common_v3_30_a/hdl/src/vhdl/system_xadc_wiz_0_0_pselect_f.vhd:167]
INFO: [Synth 8-256] done synthesizing module 'system_xadc_wiz_0_0_pselect_f__parameterized6' (1#1) [c:/git/GIT/emiKitchenFPGA_2016.4/rev1/rev1.srcs/sources_1/bd/system/ip/system_xadc_wiz_0_0_3/proc_common_v3_30_a/hdl/src/vhdl/system_xadc_wiz_0_0_pselect_f.vhd:167]
INFO: [Synth 8-638] synthesizing module 'system_xadc_wiz_0_0_pselect_f__parameterized7' [c:/git/GIT/emiKitchenFPGA_2016.4/rev1/rev1.srcs/sources_1/bd/system/ip/system_xadc_wiz_0_0_3/proc_common_v3_30_a/hdl/src/vhdl/system_xadc_wiz_0_0_pselect_f.vhd:167]
INFO: [Synth 8-256] done synthesizing module 'system_xadc_wiz_0_0_pselect_f__parameterized7' (1#1) [c:/git/GIT/emiKitchenFPGA_2016.4/rev1/rev1.srcs/sources_1/bd/system/ip/system_xadc_wiz_0_0_3/proc_common_v3_30_a/hdl/src/vhdl/system_xadc_wiz_0_0_pselect_f.vhd:167]
INFO: [Synth 8-638] synthesizing module 'system_xadc_wiz_0_0_pselect_f__parameterized8' [c:/git/GIT/emiKitchenFPGA_2016.4/rev1/rev1.srcs/sources_1/bd/system/ip/system_xadc_wiz_0_0_3/proc_common_v3_30_a/hdl/src/vhdl/system_xadc_wiz_0_0_pselect_f.vhd:167]
INFO: [Synth 8-256] done synthesizing module 'system_xadc_wiz_0_0_pselect_f__parameterized8' (1#1) [c:/git/GIT/emiKitchenFPGA_2016.4/rev1/rev1.srcs/sources_1/bd/system/ip/system_xadc_wiz_0_0_3/proc_common_v3_30_a/hdl/src/vhdl/system_xadc_wiz_0_0_pselect_f.vhd:167]
INFO: [Synth 8-638] synthesizing module 'system_xadc_wiz_0_0_pselect_f__parameterized9' [c:/git/GIT/emiKitchenFPGA_2016.4/rev1/rev1.srcs/sources_1/bd/system/ip/system_xadc_wiz_0_0_3/proc_common_v3_30_a/hdl/src/vhdl/system_xadc_wiz_0_0_pselect_f.vhd:167]
INFO: [Synth 8-256] done synthesizing module 'system_xadc_wiz_0_0_pselect_f__parameterized9' (1#1) [c:/git/GIT/emiKitchenFPGA_2016.4/rev1/rev1.srcs/sources_1/bd/system/ip/system_xadc_wiz_0_0_3/proc_common_v3_30_a/hdl/src/vhdl/system_xadc_wiz_0_0_pselect_f.vhd:167]
INFO: [Synth 8-638] synthesizing module 'system_xadc_wiz_0_0_pselect_f__parameterized10' [c:/git/GIT/emiKitchenFPGA_2016.4/rev1/rev1.srcs/sources_1/bd/system/ip/system_xadc_wiz_0_0_3/proc_common_v3_30_a/hdl/src/vhdl/system_xadc_wiz_0_0_pselect_f.vhd:167]
INFO: [Synth 8-256] done synthesizing module 'system_xadc_wiz_0_0_pselect_f__parameterized10' (1#1) [c:/git/GIT/emiKitchenFPGA_2016.4/rev1/rev1.srcs/sources_1/bd/system/ip/system_xadc_wiz_0_0_3/proc_common_v3_30_a/hdl/src/vhdl/system_xadc_wiz_0_0_pselect_f.vhd:167]
INFO: [Synth 8-638] synthesizing module 'system_xadc_wiz_0_0_pselect_f__parameterized11' [c:/git/GIT/emiKitchenFPGA_2016.4/rev1/rev1.srcs/sources_1/bd/system/ip/system_xadc_wiz_0_0_3/proc_common_v3_30_a/hdl/src/vhdl/system_xadc_wiz_0_0_pselect_f.vhd:167]
INFO: [Synth 8-256] done synthesizing module 'system_xadc_wiz_0_0_pselect_f__parameterized11' (1#1) [c:/git/GIT/emiKitchenFPGA_2016.4/rev1/rev1.srcs/sources_1/bd/system/ip/system_xadc_wiz_0_0_3/proc_common_v3_30_a/hdl/src/vhdl/system_xadc_wiz_0_0_pselect_f.vhd:167]
INFO: [Synth 8-638] synthesizing module 'system_xadc_wiz_0_0_pselect_f__parameterized12' [c:/git/GIT/emiKitchenFPGA_2016.4/rev1/rev1.srcs/sources_1/bd/system/ip/system_xadc_wiz_0_0_3/proc_common_v3_30_a/hdl/src/vhdl/system_xadc_wiz_0_0_pselect_f.vhd:167]
INFO: [Synth 8-256] done synthesizing module 'system_xadc_wiz_0_0_pselect_f__parameterized12' (1#1) [c:/git/GIT/emiKitchenFPGA_2016.4/rev1/rev1.srcs/sources_1/bd/system/ip/system_xadc_wiz_0_0_3/proc_common_v3_30_a/hdl/src/vhdl/system_xadc_wiz_0_0_pselect_f.vhd:167]
INFO: [Synth 8-638] synthesizing module 'system_xadc_wiz_0_0_pselect_f__parameterized13' [c:/git/GIT/emiKitchenFPGA_2016.4/rev1/rev1.srcs/sources_1/bd/system/ip/system_xadc_wiz_0_0_3/proc_common_v3_30_a/hdl/src/vhdl/system_xadc_wiz_0_0_pselect_f.vhd:167]
INFO: [Synth 8-256] done synthesizing module 'system_xadc_wiz_0_0_pselect_f__parameterized13' (1#1) [c:/git/GIT/emiKitchenFPGA_2016.4/rev1/rev1.srcs/sources_1/bd/system/ip/system_xadc_wiz_0_0_3/proc_common_v3_30_a/hdl/src/vhdl/system_xadc_wiz_0_0_pselect_f.vhd:167]
INFO: [Synth 8-638] synthesizing module 'system_xadc_wiz_0_0_pselect_f__parameterized14' [c:/git/GIT/emiKitchenFPGA_2016.4/rev1/rev1.srcs/sources_1/bd/system/ip/system_xadc_wiz_0_0_3/proc_common_v3_30_a/hdl/src/vhdl/system_xadc_wiz_0_0_pselect_f.vhd:167]
INFO: [Synth 8-256] done synthesizing module 'system_xadc_wiz_0_0_pselect_f__parameterized14' (1#1) [c:/git/GIT/emiKitchenFPGA_2016.4/rev1/rev1.srcs/sources_1/bd/system/ip/system_xadc_wiz_0_0_3/proc_common_v3_30_a/hdl/src/vhdl/system_xadc_wiz_0_0_pselect_f.vhd:167]
INFO: [Synth 8-638] synthesizing module 'system_xadc_wiz_0_0_pselect_f__parameterized15' [c:/git/GIT/emiKitchenFPGA_2016.4/rev1/rev1.srcs/sources_1/bd/system/ip/system_xadc_wiz_0_0_3/proc_common_v3_30_a/hdl/src/vhdl/system_xadc_wiz_0_0_pselect_f.vhd:167]
INFO: [Synth 8-256] done synthesizing module 'system_xadc_wiz_0_0_pselect_f__parameterized15' (1#1) [c:/git/GIT/emiKitchenFPGA_2016.4/rev1/rev1.srcs/sources_1/bd/system/ip/system_xadc_wiz_0_0_3/proc_common_v3_30_a/hdl/src/vhdl/system_xadc_wiz_0_0_pselect_f.vhd:167]
INFO: [Synth 8-638] synthesizing module 'system_xadc_wiz_0_0_pselect_f__parameterized16' [c:/git/GIT/emiKitchenFPGA_2016.4/rev1/rev1.srcs/sources_1/bd/system/ip/system_xadc_wiz_0_0_3/proc_common_v3_30_a/hdl/src/vhdl/system_xadc_wiz_0_0_pselect_f.vhd:167]
INFO: [Synth 8-256] done synthesizing module 'system_xadc_wiz_0_0_pselect_f__parameterized16' (1#1) [c:/git/GIT/emiKitchenFPGA_2016.4/rev1/rev1.srcs/sources_1/bd/system/ip/system_xadc_wiz_0_0_3/proc_common_v3_30_a/hdl/src/vhdl/system_xadc_wiz_0_0_pselect_f.vhd:167]
INFO: [Synth 8-638] synthesizing module 'system_xadc_wiz_0_0_pselect_f__parameterized17' [c:/git/GIT/emiKitchenFPGA_2016.4/rev1/rev1.srcs/sources_1/bd/system/ip/system_xadc_wiz_0_0_3/proc_common_v3_30_a/hdl/src/vhdl/system_xadc_wiz_0_0_pselect_f.vhd:167]
INFO: [Synth 8-256] done synthesizing module 'system_xadc_wiz_0_0_pselect_f__parameterized17' (1#1) [c:/git/GIT/emiKitchenFPGA_2016.4/rev1/rev1.srcs/sources_1/bd/system/ip/system_xadc_wiz_0_0_3/proc_common_v3_30_a/hdl/src/vhdl/system_xadc_wiz_0_0_pselect_f.vhd:167]
INFO: [Synth 8-638] synthesizing module 'system_xadc_wiz_0_0_pselect_f__parameterized18' [c:/git/GIT/emiKitchenFPGA_2016.4/rev1/rev1.srcs/sources_1/bd/system/ip/system_xadc_wiz_0_0_3/proc_common_v3_30_a/hdl/src/vhdl/system_xadc_wiz_0_0_pselect_f.vhd:167]
INFO: [Synth 8-256] done synthesizing module 'system_xadc_wiz_0_0_pselect_f__parameterized18' (1#1) [c:/git/GIT/emiKitchenFPGA_2016.4/rev1/rev1.srcs/sources_1/bd/system/ip/system_xadc_wiz_0_0_3/proc_common_v3_30_a/hdl/src/vhdl/system_xadc_wiz_0_0_pselect_f.vhd:167]
INFO: [Synth 8-638] synthesizing module 'system_xadc_wiz_0_0_pselect_f__parameterized19' [c:/git/GIT/emiKitchenFPGA_2016.4/rev1/rev1.srcs/sources_1/bd/system/ip/system_xadc_wiz_0_0_3/proc_common_v3_30_a/hdl/src/vhdl/system_xadc_wiz_0_0_pselect_f.vhd:167]
INFO: [Synth 8-256] done synthesizing module 'system_xadc_wiz_0_0_pselect_f__parameterized19' (1#1) [c:/git/GIT/emiKitchenFPGA_2016.4/rev1/rev1.srcs/sources_1/bd/system/ip/system_xadc_wiz_0_0_3/proc_common_v3_30_a/hdl/src/vhdl/system_xadc_wiz_0_0_pselect_f.vhd:167]
INFO: [Synth 8-638] synthesizing module 'system_xadc_wiz_0_0_pselect_f__parameterized20' [c:/git/GIT/emiKitchenFPGA_2016.4/rev1/rev1.srcs/sources_1/bd/system/ip/system_xadc_wiz_0_0_3/proc_common_v3_30_a/hdl/src/vhdl/system_xadc_wiz_0_0_pselect_f.vhd:167]
INFO: [Synth 8-256] done synthesizing module 'system_xadc_wiz_0_0_pselect_f__parameterized20' (1#1) [c:/git/GIT/emiKitchenFPGA_2016.4/rev1/rev1.srcs/sources_1/bd/system/ip/system_xadc_wiz_0_0_3/proc_common_v3_30_a/hdl/src/vhdl/system_xadc_wiz_0_0_pselect_f.vhd:167]
INFO: [Synth 8-638] synthesizing module 'system_xadc_wiz_0_0_pselect_f__parameterized21' [c:/git/GIT/emiKitchenFPGA_2016.4/rev1/rev1.srcs/sources_1/bd/system/ip/system_xadc_wiz_0_0_3/proc_common_v3_30_a/hdl/src/vhdl/system_xadc_wiz_0_0_pselect_f.vhd:167]
INFO: [Synth 8-256] done synthesizing module 'system_xadc_wiz_0_0_pselect_f__parameterized21' (1#1) [c:/git/GIT/emiKitchenFPGA_2016.4/rev1/rev1.srcs/sources_1/bd/system/ip/system_xadc_wiz_0_0_3/proc_common_v3_30_a/hdl/src/vhdl/system_xadc_wiz_0_0_pselect_f.vhd:167]
INFO: [Synth 8-638] synthesizing module 'system_xadc_wiz_0_0_pselect_f__parameterized22' [c:/git/GIT/emiKitchenFPGA_2016.4/rev1/rev1.srcs/sources_1/bd/system/ip/system_xadc_wiz_0_0_3/proc_common_v3_30_a/hdl/src/vhdl/system_xadc_wiz_0_0_pselect_f.vhd:167]
INFO: [Synth 8-256] done synthesizing module 'system_xadc_wiz_0_0_pselect_f__parameterized22' (1#1) [c:/git/GIT/emiKitchenFPGA_2016.4/rev1/rev1.srcs/sources_1/bd/system/ip/system_xadc_wiz_0_0_3/proc_common_v3_30_a/hdl/src/vhdl/system_xadc_wiz_0_0_pselect_f.vhd:167]
INFO: [Synth 8-638] synthesizing module 'system_xadc_wiz_0_0_pselect_f__parameterized23' [c:/git/GIT/emiKitchenFPGA_2016.4/rev1/rev1.srcs/sources_1/bd/system/ip/system_xadc_wiz_0_0_3/proc_common_v3_30_a/hdl/src/vhdl/system_xadc_wiz_0_0_pselect_f.vhd:167]
INFO: [Synth 8-256] done synthesizing module 'system_xadc_wiz_0_0_pselect_f__parameterized23' (1#1) [c:/git/GIT/emiKitchenFPGA_2016.4/rev1/rev1.srcs/sources_1/bd/system/ip/system_xadc_wiz_0_0_3/proc_common_v3_30_a/hdl/src/vhdl/system_xadc_wiz_0_0_pselect_f.vhd:167]
INFO: [Synth 8-638] synthesizing module 'system_xadc_wiz_0_0_pselect_f__parameterized24' [c:/git/GIT/emiKitchenFPGA_2016.4/rev1/rev1.srcs/sources_1/bd/system/ip/system_xadc_wiz_0_0_3/proc_common_v3_30_a/hdl/src/vhdl/system_xadc_wiz_0_0_pselect_f.vhd:167]
INFO: [Synth 8-256] done synthesizing module 'system_xadc_wiz_0_0_pselect_f__parameterized24' (1#1) [c:/git/GIT/emiKitchenFPGA_2016.4/rev1/rev1.srcs/sources_1/bd/system/ip/system_xadc_wiz_0_0_3/proc_common_v3_30_a/hdl/src/vhdl/system_xadc_wiz_0_0_pselect_f.vhd:167]
INFO: [Synth 8-638] synthesizing module 'system_xadc_wiz_0_0_pselect_f__parameterized25' [c:/git/GIT/emiKitchenFPGA_2016.4/rev1/rev1.srcs/sources_1/bd/system/ip/system_xadc_wiz_0_0_3/proc_common_v3_30_a/hdl/src/vhdl/system_xadc_wiz_0_0_pselect_f.vhd:167]
INFO: [Synth 8-256] done synthesizing module 'system_xadc_wiz_0_0_pselect_f__parameterized25' (1#1) [c:/git/GIT/emiKitchenFPGA_2016.4/rev1/rev1.srcs/sources_1/bd/system/ip/system_xadc_wiz_0_0_3/proc_common_v3_30_a/hdl/src/vhdl/system_xadc_wiz_0_0_pselect_f.vhd:167]
INFO: [Synth 8-256] done synthesizing module 'system_xadc_wiz_0_0_address_decoder' (2#1) [c:/git/GIT/emiKitchenFPGA_2016.4/rev1/rev1.srcs/sources_1/bd/system/ip/system_xadc_wiz_0_0_3/axi_lite_ipif_v1_01_a/hdl/src/vhdl/system_xadc_wiz_0_0_address_decoder.vhd:176]
INFO: [Synth 8-256] done synthesizing module 'system_xadc_wiz_0_0_slave_attachment' (3#1) [c:/git/GIT/emiKitchenFPGA_2016.4/rev1/rev1.srcs/sources_1/bd/system/ip/system_xadc_wiz_0_0_3/axi_lite_ipif_v1_01_a/hdl/src/vhdl/system_xadc_wiz_0_0_slave_attachment.vhd:227]
INFO: [Synth 8-256] done synthesizing module 'system_xadc_wiz_0_0_axi_lite_ipif' (4#1) [c:/git/GIT/emiKitchenFPGA_2016.4/rev1/rev1.srcs/sources_1/bd/system/ip/system_xadc_wiz_0_0_3/axi_lite_ipif_v1_01_a/hdl/src/vhdl/system_xadc_wiz_0_0_axi_lite_ipif.vhd:241]
INFO: [Synth 8-638] synthesizing module 'system_xadc_wiz_0_0_xadc_core_drp' [c:/git/GIT/emiKitchenFPGA_2016.4/rev1/rev1.srcs/sources_1/bd/system/ip/system_xadc_wiz_0_0_3/system_xadc_wiz_0_0_xadc_core_drp.vhd:193]
INFO: [Synth 8-256] done synthesizing module 'system_xadc_wiz_0_0_xadc_core_drp' (5#1) [c:/git/GIT/emiKitchenFPGA_2016.4/rev1/rev1.srcs/sources_1/bd/system/ip/system_xadc_wiz_0_0_3/system_xadc_wiz_0_0_xadc_core_drp.vhd:193]
INFO: [Synth 8-638] synthesizing module 'system_xadc_wiz_0_0_soft_reset' [c:/git/GIT/emiKitchenFPGA_2016.4/rev1/rev1.srcs/sources_1/bd/system/ip/system_xadc_wiz_0_0_3/proc_common_v3_30_a/hdl/src/vhdl/system_xadc_wiz_0_0_soft_reset.vhd:142]
INFO: [Synth 8-256] done synthesizing module 'system_xadc_wiz_0_0_soft_reset' (6#1) [c:/git/GIT/emiKitchenFPGA_2016.4/rev1/rev1.srcs/sources_1/bd/system/ip/system_xadc_wiz_0_0_3/proc_common_v3_30_a/hdl/src/vhdl/system_xadc_wiz_0_0_soft_reset.vhd:142]
INFO: [Synth 8-638] synthesizing module 'system_xadc_wiz_0_0_interrupt_control' [c:/git/GIT/emiKitchenFPGA_2016.4/rev1/rev1.srcs/sources_1/bd/system/ip/system_xadc_wiz_0_0_3/interrupt_control_v2_01_a/hdl/src/vhdl/system_xadc_wiz_0_0_interrupt_control.vhd:240]
INFO: [Synth 8-256] done synthesizing module 'system_xadc_wiz_0_0_interrupt_control' (7#1) [c:/git/GIT/emiKitchenFPGA_2016.4/rev1/rev1.srcs/sources_1/bd/system/ip/system_xadc_wiz_0_0_3/interrupt_control_v2_01_a/hdl/src/vhdl/system_xadc_wiz_0_0_interrupt_control.vhd:240]
INFO: [Synth 8-256] done synthesizing module 'system_xadc_wiz_0_0_axi_xadc' (8#1) [c:/git/GIT/emiKitchenFPGA_2016.4/rev1/rev1.srcs/sources_1/bd/system/ip/system_xadc_wiz_0_0_3/system_xadc_wiz_0_0_axi_xadc.vhd:245]
INFO: [Synth 8-256] done synthesizing module 'system_xadc_wiz_0_0' (9#1) [c:/git/GIT/emiKitchenFPGA_2016.4/rev1/rev1.srcs/sources_1/bd/system/ip/system_xadc_wiz_0_0_3/system_xadc_wiz_0_0.v:53]
Finished RTL Elaboration : Time (s): cpu = 00:00:16 ; elapsed = 00:00:21 . Memory (MB): peak = 378.055 ; gain = 167.793
Finished RTL Optimization Phase 1 : Time (s): cpu = 00:00:16 ; elapsed = 00:00:21 . Memory (MB): peak = 378.055 ; gain = 167.793
INFO: [Device 21-403] Loading part xc7a35ticsg324-1L
Constraint Validation Runtime : Time (s): cpu = 00:00:00 ; elapsed = 00:00:00.042 . Memory (MB): peak = 641.316 ; gain = 0.000
Finished Constraint Validation : Time (s): cpu = 00:00:24 ; elapsed = 00:00:40 . Memory (MB): peak = 641.316 ; gain = 431.055
Finished Loading Part and Timing Information : Time (s): cpu = 00:00:24 ; elapsed = 00:00:40 . Memory (MB): peak = 641.316 ; gain = 431.055
Finished applying 'set_property' XDC Constraints : Time (s): cpu = 00:00:24 ; elapsed = 00:00:40 . Memory (MB): peak = 641.316 ; gain = 431.055
Finished RTL Optimization Phase 2 : Time (s): cpu = 00:00:25 ; elapsed = 00:00:40 . Memory (MB): peak = 641.316 ; gain = 431.055
Finished Cross Boundary and Area Optimization : Time (s): cpu = 00:00:26 ; elapsed = 00:00:42 . Memory (MB): peak = 641.316 ; gain = 431.055
Finished Applying XDC Timing Constraints : Time (s): cpu = 00:00:36 ; elapsed = 00:00:52 . Memory (MB): peak = 641.316 ; gain = 431.055
Finished Timing Optimization : Time (s): cpu = 00:00:37 ; elapsed = 00:00:53 . Memory (MB): peak = 641.316 ; gain = 431.055
Finished Technology Mapping : Time (s): cpu = 00:00:37 ; elapsed = 00:00:53 . Memory (MB): peak = 641.316 ; gain = 431.055
Finished IO Insertion : Time (s): cpu = 00:00:37 ; elapsed = 00:00:53 . Memory (MB): peak = 641.316 ; gain = 431.055
Finished Renaming Generated Instances : Time (s): cpu = 00:00:37 ; elapsed = 00:00:53 . Memory (MB): peak = 641.316 ; gain = 431.055
Finished Rebuilding User Hierarchy : Time (s): cpu = 00:00:37 ; elapsed = 00:00:53 . Memory (MB): peak = 641.316 ; gain = 431.055
Finished Renaming Generated Ports : Time (s): cpu = 00:00:37 ; elapsed = 00:00:53 . Memory (MB): peak = 641.316 ; gain = 431.055
Finished Handling Custom Attributes : Time (s): cpu = 00:00:37 ; elapsed = 00:00:53 . Memory (MB): peak = 641.316 ; gain = 431.055
Finished Renaming Generated Nets : Time (s): cpu = 00:00:37 ; elapsed = 00:00:53 . Memory (MB): peak = 641.316 ; gain = 431.055

Report Cell Usage: 
+------+-----+------+
|      |Cell |Count |
+------+-----+------+
|1     |LUT1 |     2|
|2     |LUT2 |    37|
|3     |LUT3 |    23|
|4     |LUT4 |    21|
|5     |LUT5 |    50|
|6     |LUT6 |    63|
|7     |XADC |     1|
|8     |FDRE |   205|
|9     |FDSE |    30|
+------+-----+------+
Finished Writing Synthesis Report : Time (s): cpu = 00:00:37 ; elapsed = 00:00:53 . Memory (MB): peak = 641.316 ; gain = 431.055
synth_design: Time (s): cpu = 00:00:36 ; elapsed = 00:00:48 . Memory (MB): peak = 641.316 ; gain = 413.195
