
*** Running vivado
    with args -log system_axi_gpio_2_0.vds -m64 -product Vivado -mode batch -messageDb vivado.pb -notrace -source system_axi_gpio_2_0.tcl


****** Vivado v2016.4 (64-bit)
  **** SW Build 1756540 on Mon Jan 23 19:11:23 MST 2017
  **** IP Build 1755317 on Mon Jan 23 20:30:07 MST 2017
    ** Copyright 1986-2016 Xilinx, Inc. All Rights Reserved.

source system_axi_gpio_2_0.tcl -notrace
Starting RTL Elaboration : Time (s): cpu = 00:00:10 ; elapsed = 00:00:14 . Memory (MB): peak = 306.039 ; gain = 96.051
INFO: [Synth 8-638] synthesizing module 'system_axi_gpio_2_0' [e:/datafiles/emilia/kitchen/modification/rev1/rev1.srcs/sources_1/bd/system/ip/system_axi_gpio_2_0_1/synth/system_axi_gpio_2_0.vhd:85]
INFO: [Synth 8-638] synthesizing module 'axi_gpio' [e:/datafiles/emilia/kitchen/modification/rev1/rev1.srcs/sources_1/bd/system/ipshared/4f16/hdl/axi_gpio_v2_0_vh_rfs.vhd:1091]
INFO: [Synth 8-638] synthesizing module 'axi_lite_ipif' [e:/datafiles/emilia/kitchen/modification/rev1/rev1.srcs/sources_1/bd/system/ipshared/0ba0/hdl/axi_lite_ipif_v3_0_vh_rfs.vhd:2948]
INFO: [Synth 8-638] synthesizing module 'slave_attachment' [e:/datafiles/emilia/kitchen/modification/rev1/rev1.srcs/sources_1/bd/system/ipshared/0ba0/hdl/axi_lite_ipif_v3_0_vh_rfs.vhd:2341]
INFO: [Synth 8-638] synthesizing module 'address_decoder' [e:/datafiles/emilia/kitchen/modification/rev1/rev1.srcs/sources_1/bd/system/ipshared/0ba0/hdl/axi_lite_ipif_v3_0_vh_rfs.vhd:1775]
INFO: [Synth 8-638] synthesizing module 'pselect_f' [e:/datafiles/emilia/kitchen/modification/rev1/rev1.srcs/sources_1/bd/system/ipshared/0ba0/hdl/axi_lite_ipif_v3_0_vh_rfs.vhd:1534]
INFO: [Synth 8-256] done synthesizing module 'pselect_f' (1#1) [e:/datafiles/emilia/kitchen/modification/rev1/rev1.srcs/sources_1/bd/system/ipshared/0ba0/hdl/axi_lite_ipif_v3_0_vh_rfs.vhd:1534]
INFO: [Synth 8-638] synthesizing module 'pselect_f__parameterized0' [e:/datafiles/emilia/kitchen/modification/rev1/rev1.srcs/sources_1/bd/system/ipshared/0ba0/hdl/axi_lite_ipif_v3_0_vh_rfs.vhd:1534]
INFO: [Synth 8-256] done synthesizing module 'pselect_f__parameterized0' (1#1) [e:/datafiles/emilia/kitchen/modification/rev1/rev1.srcs/sources_1/bd/system/ipshared/0ba0/hdl/axi_lite_ipif_v3_0_vh_rfs.vhd:1534]
INFO: [Synth 8-638] synthesizing module 'pselect_f__parameterized1' [e:/datafiles/emilia/kitchen/modification/rev1/rev1.srcs/sources_1/bd/system/ipshared/0ba0/hdl/axi_lite_ipif_v3_0_vh_rfs.vhd:1534]
INFO: [Synth 8-256] done synthesizing module 'pselect_f__parameterized1' (1#1) [e:/datafiles/emilia/kitchen/modification/rev1/rev1.srcs/sources_1/bd/system/ipshared/0ba0/hdl/axi_lite_ipif_v3_0_vh_rfs.vhd:1534]
INFO: [Synth 8-638] synthesizing module 'pselect_f__parameterized2' [e:/datafiles/emilia/kitchen/modification/rev1/rev1.srcs/sources_1/bd/system/ipshared/0ba0/hdl/axi_lite_ipif_v3_0_vh_rfs.vhd:1534]
INFO: [Synth 8-256] done synthesizing module 'pselect_f__parameterized2' (1#1) [e:/datafiles/emilia/kitchen/modification/rev1/rev1.srcs/sources_1/bd/system/ipshared/0ba0/hdl/axi_lite_ipif_v3_0_vh_rfs.vhd:1534]
INFO: [Synth 8-638] synthesizing module 'pselect_f__parameterized3' [e:/datafiles/emilia/kitchen/modification/rev1/rev1.srcs/sources_1/bd/system/ipshared/0ba0/hdl/axi_lite_ipif_v3_0_vh_rfs.vhd:1534]
INFO: [Synth 8-256] done synthesizing module 'pselect_f__parameterized3' (1#1) [e:/datafiles/emilia/kitchen/modification/rev1/rev1.srcs/sources_1/bd/system/ipshared/0ba0/hdl/axi_lite_ipif_v3_0_vh_rfs.vhd:1534]
INFO: [Synth 8-638] synthesizing module 'pselect_f__parameterized4' [e:/datafiles/emilia/kitchen/modification/rev1/rev1.srcs/sources_1/bd/system/ipshared/0ba0/hdl/axi_lite_ipif_v3_0_vh_rfs.vhd:1534]
INFO: [Synth 8-256] done synthesizing module 'pselect_f__parameterized4' (1#1) [e:/datafiles/emilia/kitchen/modification/rev1/rev1.srcs/sources_1/bd/system/ipshared/0ba0/hdl/axi_lite_ipif_v3_0_vh_rfs.vhd:1534]
INFO: [Synth 8-638] synthesizing module 'pselect_f__parameterized5' [e:/datafiles/emilia/kitchen/modification/rev1/rev1.srcs/sources_1/bd/system/ipshared/0ba0/hdl/axi_lite_ipif_v3_0_vh_rfs.vhd:1534]
INFO: [Synth 8-256] done synthesizing module 'pselect_f__parameterized5' (1#1) [e:/datafiles/emilia/kitchen/modification/rev1/rev1.srcs/sources_1/bd/system/ipshared/0ba0/hdl/axi_lite_ipif_v3_0_vh_rfs.vhd:1534]
INFO: [Synth 8-638] synthesizing module 'pselect_f__parameterized6' [e:/datafiles/emilia/kitchen/modification/rev1/rev1.srcs/sources_1/bd/system/ipshared/0ba0/hdl/axi_lite_ipif_v3_0_vh_rfs.vhd:1534]
INFO: [Synth 8-256] done synthesizing module 'pselect_f__parameterized6' (1#1) [e:/datafiles/emilia/kitchen/modification/rev1/rev1.srcs/sources_1/bd/system/ipshared/0ba0/hdl/axi_lite_ipif_v3_0_vh_rfs.vhd:1534]
INFO: [Synth 8-638] synthesizing module 'pselect_f__parameterized7' [e:/datafiles/emilia/kitchen/modification/rev1/rev1.srcs/sources_1/bd/system/ipshared/0ba0/hdl/axi_lite_ipif_v3_0_vh_rfs.vhd:1534]
INFO: [Synth 8-256] done synthesizing module 'pselect_f__parameterized7' (1#1) [e:/datafiles/emilia/kitchen/modification/rev1/rev1.srcs/sources_1/bd/system/ipshared/0ba0/hdl/axi_lite_ipif_v3_0_vh_rfs.vhd:1534]
INFO: [Synth 8-638] synthesizing module 'pselect_f__parameterized8' [e:/datafiles/emilia/kitchen/modification/rev1/rev1.srcs/sources_1/bd/system/ipshared/0ba0/hdl/axi_lite_ipif_v3_0_vh_rfs.vhd:1534]
INFO: [Synth 8-256] done synthesizing module 'pselect_f__parameterized8' (1#1) [e:/datafiles/emilia/kitchen/modification/rev1/rev1.srcs/sources_1/bd/system/ipshared/0ba0/hdl/axi_lite_ipif_v3_0_vh_rfs.vhd:1534]
INFO: [Synth 8-638] synthesizing module 'pselect_f__parameterized9' [e:/datafiles/emilia/kitchen/modification/rev1/rev1.srcs/sources_1/bd/system/ipshared/0ba0/hdl/axi_lite_ipif_v3_0_vh_rfs.vhd:1534]
INFO: [Synth 8-256] done synthesizing module 'pselect_f__parameterized9' (1#1) [e:/datafiles/emilia/kitchen/modification/rev1/rev1.srcs/sources_1/bd/system/ipshared/0ba0/hdl/axi_lite_ipif_v3_0_vh_rfs.vhd:1534]
INFO: [Synth 8-638] synthesizing module 'pselect_f__parameterized10' [e:/datafiles/emilia/kitchen/modification/rev1/rev1.srcs/sources_1/bd/system/ipshared/0ba0/hdl/axi_lite_ipif_v3_0_vh_rfs.vhd:1534]
INFO: [Synth 8-256] done synthesizing module 'pselect_f__parameterized10' (1#1) [e:/datafiles/emilia/kitchen/modification/rev1/rev1.srcs/sources_1/bd/system/ipshared/0ba0/hdl/axi_lite_ipif_v3_0_vh_rfs.vhd:1534]
INFO: [Synth 8-638] synthesizing module 'pselect_f__parameterized11' [e:/datafiles/emilia/kitchen/modification/rev1/rev1.srcs/sources_1/bd/system/ipshared/0ba0/hdl/axi_lite_ipif_v3_0_vh_rfs.vhd:1534]
INFO: [Synth 8-256] done synthesizing module 'pselect_f__parameterized11' (1#1) [e:/datafiles/emilia/kitchen/modification/rev1/rev1.srcs/sources_1/bd/system/ipshared/0ba0/hdl/axi_lite_ipif_v3_0_vh_rfs.vhd:1534]
INFO: [Synth 8-638] synthesizing module 'pselect_f__parameterized12' [e:/datafiles/emilia/kitchen/modification/rev1/rev1.srcs/sources_1/bd/system/ipshared/0ba0/hdl/axi_lite_ipif_v3_0_vh_rfs.vhd:1534]
INFO: [Synth 8-256] done synthesizing module 'pselect_f__parameterized12' (1#1) [e:/datafiles/emilia/kitchen/modification/rev1/rev1.srcs/sources_1/bd/system/ipshared/0ba0/hdl/axi_lite_ipif_v3_0_vh_rfs.vhd:1534]
INFO: [Synth 8-638] synthesizing module 'pselect_f__parameterized13' [e:/datafiles/emilia/kitchen/modification/rev1/rev1.srcs/sources_1/bd/system/ipshared/0ba0/hdl/axi_lite_ipif_v3_0_vh_rfs.vhd:1534]
INFO: [Synth 8-256] done synthesizing module 'pselect_f__parameterized13' (1#1) [e:/datafiles/emilia/kitchen/modification/rev1/rev1.srcs/sources_1/bd/system/ipshared/0ba0/hdl/axi_lite_ipif_v3_0_vh_rfs.vhd:1534]
INFO: [Synth 8-638] synthesizing module 'pselect_f__parameterized14' [e:/datafiles/emilia/kitchen/modification/rev1/rev1.srcs/sources_1/bd/system/ipshared/0ba0/hdl/axi_lite_ipif_v3_0_vh_rfs.vhd:1534]
INFO: [Synth 8-256] done synthesizing module 'pselect_f__parameterized14' (1#1) [e:/datafiles/emilia/kitchen/modification/rev1/rev1.srcs/sources_1/bd/system/ipshared/0ba0/hdl/axi_lite_ipif_v3_0_vh_rfs.vhd:1534]
INFO: [Synth 8-638] synthesizing module 'pselect_f__parameterized15' [e:/datafiles/emilia/kitchen/modification/rev1/rev1.srcs/sources_1/bd/system/ipshared/0ba0/hdl/axi_lite_ipif_v3_0_vh_rfs.vhd:1534]
INFO: [Synth 8-256] done synthesizing module 'pselect_f__parameterized15' (1#1) [e:/datafiles/emilia/kitchen/modification/rev1/rev1.srcs/sources_1/bd/system/ipshared/0ba0/hdl/axi_lite_ipif_v3_0_vh_rfs.vhd:1534]
INFO: [Synth 8-638] synthesizing module 'pselect_f__parameterized16' [e:/datafiles/emilia/kitchen/modification/rev1/rev1.srcs/sources_1/bd/system/ipshared/0ba0/hdl/axi_lite_ipif_v3_0_vh_rfs.vhd:1534]
INFO: [Synth 8-256] done synthesizing module 'pselect_f__parameterized16' (1#1) [e:/datafiles/emilia/kitchen/modification/rev1/rev1.srcs/sources_1/bd/system/ipshared/0ba0/hdl/axi_lite_ipif_v3_0_vh_rfs.vhd:1534]
INFO: [Synth 8-638] synthesizing module 'pselect_f__parameterized17' [e:/datafiles/emilia/kitchen/modification/rev1/rev1.srcs/sources_1/bd/system/ipshared/0ba0/hdl/axi_lite_ipif_v3_0_vh_rfs.vhd:1534]
INFO: [Synth 8-256] done synthesizing module 'pselect_f__parameterized17' (1#1) [e:/datafiles/emilia/kitchen/modification/rev1/rev1.srcs/sources_1/bd/system/ipshared/0ba0/hdl/axi_lite_ipif_v3_0_vh_rfs.vhd:1534]
INFO: [Synth 8-638] synthesizing module 'pselect_f__parameterized18' [e:/datafiles/emilia/kitchen/modification/rev1/rev1.srcs/sources_1/bd/system/ipshared/0ba0/hdl/axi_lite_ipif_v3_0_vh_rfs.vhd:1534]
INFO: [Synth 8-256] done synthesizing module 'pselect_f__parameterized18' (1#1) [e:/datafiles/emilia/kitchen/modification/rev1/rev1.srcs/sources_1/bd/system/ipshared/0ba0/hdl/axi_lite_ipif_v3_0_vh_rfs.vhd:1534]
INFO: [Synth 8-638] synthesizing module 'pselect_f__parameterized19' [e:/datafiles/emilia/kitchen/modification/rev1/rev1.srcs/sources_1/bd/system/ipshared/0ba0/hdl/axi_lite_ipif_v3_0_vh_rfs.vhd:1534]
INFO: [Synth 8-256] done synthesizing module 'pselect_f__parameterized19' (1#1) [e:/datafiles/emilia/kitchen/modification/rev1/rev1.srcs/sources_1/bd/system/ipshared/0ba0/hdl/axi_lite_ipif_v3_0_vh_rfs.vhd:1534]
INFO: [Synth 8-638] synthesizing module 'pselect_f__parameterized20' [e:/datafiles/emilia/kitchen/modification/rev1/rev1.srcs/sources_1/bd/system/ipshared/0ba0/hdl/axi_lite_ipif_v3_0_vh_rfs.vhd:1534]
INFO: [Synth 8-256] done synthesizing module 'pselect_f__parameterized20' (1#1) [e:/datafiles/emilia/kitchen/modification/rev1/rev1.srcs/sources_1/bd/system/ipshared/0ba0/hdl/axi_lite_ipif_v3_0_vh_rfs.vhd:1534]
INFO: [Synth 8-256] done synthesizing module 'address_decoder' (2#1) [e:/datafiles/emilia/kitchen/modification/rev1/rev1.srcs/sources_1/bd/system/ipshared/0ba0/hdl/axi_lite_ipif_v3_0_vh_rfs.vhd:1775]
INFO: [Synth 8-256] done synthesizing module 'slave_attachment' (3#1) [e:/datafiles/emilia/kitchen/modification/rev1/rev1.srcs/sources_1/bd/system/ipshared/0ba0/hdl/axi_lite_ipif_v3_0_vh_rfs.vhd:2341]
INFO: [Synth 8-256] done synthesizing module 'axi_lite_ipif' (4#1) [e:/datafiles/emilia/kitchen/modification/rev1/rev1.srcs/sources_1/bd/system/ipshared/0ba0/hdl/axi_lite_ipif_v3_0_vh_rfs.vhd:2948]
INFO: [Synth 8-638] synthesizing module 'interrupt_control' [e:/datafiles/emilia/kitchen/modification/rev1/rev1.srcs/sources_1/bd/system/ipshared/e956/hdl/interrupt_control_v3_1_vh_rfs.vhd:259]
INFO: [Synth 8-256] done synthesizing module 'interrupt_control' (5#1) [e:/datafiles/emilia/kitchen/modification/rev1/rev1.srcs/sources_1/bd/system/ipshared/e956/hdl/interrupt_control_v3_1_vh_rfs.vhd:259]
INFO: [Synth 8-638] synthesizing module 'GPIO_Core' [e:/datafiles/emilia/kitchen/modification/rev1/rev1.srcs/sources_1/bd/system/ipshared/4f16/hdl/axi_gpio_v2_0_vh_rfs.vhd:173]
INFO: [Synth 8-638] synthesizing module 'cdc_sync' [e:/datafiles/emilia/kitchen/modification/rev1/rev1.srcs/sources_1/bd/system/ipshared/52cb/hdl/lib_cdc_v1_0_rfs.vhd:106]
INFO: [Synth 8-256] done synthesizing module 'cdc_sync' (6#1) [e:/datafiles/emilia/kitchen/modification/rev1/rev1.srcs/sources_1/bd/system/ipshared/52cb/hdl/lib_cdc_v1_0_rfs.vhd:106]
INFO: [Synth 8-256] done synthesizing module 'GPIO_Core' (7#1) [e:/datafiles/emilia/kitchen/modification/rev1/rev1.srcs/sources_1/bd/system/ipshared/4f16/hdl/axi_gpio_v2_0_vh_rfs.vhd:173]
INFO: [Synth 8-256] done synthesizing module 'axi_gpio' (8#1) [e:/datafiles/emilia/kitchen/modification/rev1/rev1.srcs/sources_1/bd/system/ipshared/4f16/hdl/axi_gpio_v2_0_vh_rfs.vhd:1091]
INFO: [Synth 8-256] done synthesizing module 'system_axi_gpio_2_0' (9#1) [e:/datafiles/emilia/kitchen/modification/rev1/rev1.srcs/sources_1/bd/system/ip/system_axi_gpio_2_0_1/synth/system_axi_gpio_2_0.vhd:85]
Finished RTL Elaboration : Time (s): cpu = 00:00:12 ; elapsed = 00:00:16 . Memory (MB): peak = 345.359 ; gain = 135.371
Finished RTL Optimization Phase 1 : Time (s): cpu = 00:00:12 ; elapsed = 00:00:16 . Memory (MB): peak = 345.359 ; gain = 135.371
INFO: [Device 21-403] Loading part xc7a35ticsg324-1L
Constraint Validation Runtime : Time (s): cpu = 00:00:00 ; elapsed = 00:00:00.044 . Memory (MB): peak = 637.285 ; gain = 0.000
Finished Constraint Validation : Time (s): cpu = 00:00:24 ; elapsed = 00:00:32 . Memory (MB): peak = 637.285 ; gain = 427.297
Finished Loading Part and Timing Information : Time (s): cpu = 00:00:24 ; elapsed = 00:00:32 . Memory (MB): peak = 637.285 ; gain = 427.297
Finished applying 'set_property' XDC Constraints : Time (s): cpu = 00:00:24 ; elapsed = 00:00:32 . Memory (MB): peak = 637.285 ; gain = 427.297
Finished RTL Optimization Phase 2 : Time (s): cpu = 00:00:25 ; elapsed = 00:00:33 . Memory (MB): peak = 637.285 ; gain = 427.297
Finished Cross Boundary and Area Optimization : Time (s): cpu = 00:00:26 ; elapsed = 00:00:34 . Memory (MB): peak = 637.285 ; gain = 427.297
Finished Applying XDC Timing Constraints : Time (s): cpu = 00:00:40 ; elapsed = 00:00:49 . Memory (MB): peak = 637.285 ; gain = 427.297
Finished Timing Optimization : Time (s): cpu = 00:00:40 ; elapsed = 00:00:49 . Memory (MB): peak = 637.285 ; gain = 427.297
Finished Technology Mapping : Time (s): cpu = 00:00:41 ; elapsed = 00:00:50 . Memory (MB): peak = 637.285 ; gain = 427.297
Finished IO Insertion : Time (s): cpu = 00:00:41 ; elapsed = 00:00:50 . Memory (MB): peak = 637.285 ; gain = 427.297
Finished Renaming Generated Instances : Time (s): cpu = 00:00:41 ; elapsed = 00:00:50 . Memory (MB): peak = 637.285 ; gain = 427.297
Finished Rebuilding User Hierarchy : Time (s): cpu = 00:00:41 ; elapsed = 00:00:50 . Memory (MB): peak = 637.285 ; gain = 427.297
Finished Renaming Generated Ports : Time (s): cpu = 00:00:41 ; elapsed = 00:00:50 . Memory (MB): peak = 637.285 ; gain = 427.297
Finished Handling Custom Attributes : Time (s): cpu = 00:00:41 ; elapsed = 00:00:50 . Memory (MB): peak = 637.285 ; gain = 427.297
Finished Renaming Generated Nets : Time (s): cpu = 00:00:41 ; elapsed = 00:00:50 . Memory (MB): peak = 637.285 ; gain = 427.297

Report Cell Usage: 
+------+-----+------+
|      |Cell |Count |
+------+-----+------+
|1     |LUT1 |     2|
|2     |LUT2 |    13|
|3     |LUT3 |     6|
|4     |LUT4 |    22|
|5     |LUT5 |    19|
|6     |LUT6 |    34|
|7     |FDR  |    32|
|8     |FDRE |   105|
|9     |FDSE |    10|
+------+-----+------+
Finished Writing Synthesis Report : Time (s): cpu = 00:00:41 ; elapsed = 00:00:50 . Memory (MB): peak = 637.285 ; gain = 427.297
synth_design: Time (s): cpu = 00:00:38 ; elapsed = 00:00:45 . Memory (MB): peak = 637.285 ; gain = 414.488
