Copyright 1986-2016 Xilinx, Inc. All Rights Reserved.
------------------------------------------------------------------------------------
| Tool Version : Vivado v.2016.4 (win64) Build 1756540 Mon Jan 23 19:11:23 MST 2017
| Date         : Tue Apr 18 22:11:14 2017
| Host         : hive running 64-bit major release  (build 9200)
| Command      : upgrade_ip
| Device       : xc7a35ticsg324-1L
------------------------------------------------------------------------------------

Upgrade Log for IP 'system_pwmKitchen_0_0'

1. Summary
----------

SUCCESS in the upgrade of system_pwmKitchen_0_0 from xilinx.com:user:pwmKitchen:1.0 (Rev. 2) to xilinx.com:user:pwmKitchen:1.1 (Rev. 3)






Copyright 1986-2016 Xilinx, Inc. All Rights Reserved.
------------------------------------------------------------------------------------
| Tool Version : Vivado v.2016.4 (win64) Build 1756540 Mon Jan 23 19:11:23 MST 2017
| Date         : Sun Apr 16 22:07:46 2017
| Host         : hive running 64-bit major release  (build 9200)
| Command      : upgrade_ip
| Device       : xc7a35ticsg324-1L
------------------------------------------------------------------------------------

Upgrade Log for IP 'system_pwmTop_0_3'

1. Summary
----------

SUCCESS in the upgrade of system_pwmTop_0_3 from xilinx:user:pwmTop:1.0 (Rev. 2) to xilinx:user:pwmTop:1.1 (Rev. 3)

