
*** Running vivado
    with args -log system_axi_gpio_3_0.vds -m64 -product Vivado -mode batch -messageDb vivado.pb -notrace -source system_axi_gpio_3_0.tcl


****** Vivado v2016.4 (64-bit)
  **** SW Build 1733598 on Wed Dec 14 22:35:39 MST 2016
  **** IP Build 1731160 on Wed Dec 14 23:47:21 MST 2016
    ** Copyright 1986-2016 Xilinx, Inc. All Rights Reserved.

source system_axi_gpio_3_0.tcl -notrace
Starting RTL Elaboration : Time (s): cpu = 00:00:07 ; elapsed = 00:00:12 . Memory (MB): peak = 317.895 ; gain = 107.922
INFO: [Synth 8-638] synthesizing module 'system_axi_gpio_3_0' [c:/git/GIT/emiKitchenFPGA_2016.4/rev1/rev1.srcs/sources_1/bd/system/ip/system_axi_gpio_3_0_1/synth/system_axi_gpio_3_0.vhd:84]
INFO: [Synth 8-638] synthesizing module 'axi_gpio' [c:/git/GIT/emiKitchenFPGA_2016.4/rev1/rev1.srcs/sources_1/bd/system/ipshared/4f16/hdl/axi_gpio_v2_0_vh_rfs.vhd:1091]
INFO: [Synth 8-638] synthesizing module 'axi_lite_ipif' [c:/git/GIT/emiKitchenFPGA_2016.4/rev1/rev1.srcs/sources_1/bd/system/ipshared/0ba0/hdl/axi_lite_ipif_v3_0_vh_rfs.vhd:2948]
INFO: [Synth 8-638] synthesizing module 'slave_attachment' [c:/git/GIT/emiKitchenFPGA_2016.4/rev1/rev1.srcs/sources_1/bd/system/ipshared/0ba0/hdl/axi_lite_ipif_v3_0_vh_rfs.vhd:2341]
INFO: [Synth 8-638] synthesizing module 'address_decoder' [c:/git/GIT/emiKitchenFPGA_2016.4/rev1/rev1.srcs/sources_1/bd/system/ipshared/0ba0/hdl/axi_lite_ipif_v3_0_vh_rfs.vhd:1775]
INFO: [Synth 8-638] synthesizing module 'pselect_f' [c:/git/GIT/emiKitchenFPGA_2016.4/rev1/rev1.srcs/sources_1/bd/system/ipshared/0ba0/hdl/axi_lite_ipif_v3_0_vh_rfs.vhd:1534]
INFO: [Synth 8-256] done synthesizing module 'pselect_f' (1#1) [c:/git/GIT/emiKitchenFPGA_2016.4/rev1/rev1.srcs/sources_1/bd/system/ipshared/0ba0/hdl/axi_lite_ipif_v3_0_vh_rfs.vhd:1534]
INFO: [Synth 8-638] synthesizing module 'pselect_f__parameterized0' [c:/git/GIT/emiKitchenFPGA_2016.4/rev1/rev1.srcs/sources_1/bd/system/ipshared/0ba0/hdl/axi_lite_ipif_v3_0_vh_rfs.vhd:1534]
INFO: [Synth 8-256] done synthesizing module 'pselect_f__parameterized0' (1#1) [c:/git/GIT/emiKitchenFPGA_2016.4/rev1/rev1.srcs/sources_1/bd/system/ipshared/0ba0/hdl/axi_lite_ipif_v3_0_vh_rfs.vhd:1534]
INFO: [Synth 8-638] synthesizing module 'pselect_f__parameterized1' [c:/git/GIT/emiKitchenFPGA_2016.4/rev1/rev1.srcs/sources_1/bd/system/ipshared/0ba0/hdl/axi_lite_ipif_v3_0_vh_rfs.vhd:1534]
INFO: [Synth 8-256] done synthesizing module 'pselect_f__parameterized1' (1#1) [c:/git/GIT/emiKitchenFPGA_2016.4/rev1/rev1.srcs/sources_1/bd/system/ipshared/0ba0/hdl/axi_lite_ipif_v3_0_vh_rfs.vhd:1534]
INFO: [Synth 8-638] synthesizing module 'pselect_f__parameterized2' [c:/git/GIT/emiKitchenFPGA_2016.4/rev1/rev1.srcs/sources_1/bd/system/ipshared/0ba0/hdl/axi_lite_ipif_v3_0_vh_rfs.vhd:1534]
INFO: [Synth 8-256] done synthesizing module 'pselect_f__parameterized2' (1#1) [c:/git/GIT/emiKitchenFPGA_2016.4/rev1/rev1.srcs/sources_1/bd/system/ipshared/0ba0/hdl/axi_lite_ipif_v3_0_vh_rfs.vhd:1534]
INFO: [Synth 8-256] done synthesizing module 'address_decoder' (2#1) [c:/git/GIT/emiKitchenFPGA_2016.4/rev1/rev1.srcs/sources_1/bd/system/ipshared/0ba0/hdl/axi_lite_ipif_v3_0_vh_rfs.vhd:1775]
INFO: [Synth 8-256] done synthesizing module 'slave_attachment' (3#1) [c:/git/GIT/emiKitchenFPGA_2016.4/rev1/rev1.srcs/sources_1/bd/system/ipshared/0ba0/hdl/axi_lite_ipif_v3_0_vh_rfs.vhd:2341]
INFO: [Synth 8-256] done synthesizing module 'axi_lite_ipif' (4#1) [c:/git/GIT/emiKitchenFPGA_2016.4/rev1/rev1.srcs/sources_1/bd/system/ipshared/0ba0/hdl/axi_lite_ipif_v3_0_vh_rfs.vhd:2948]
INFO: [Synth 8-638] synthesizing module 'GPIO_Core' [c:/git/GIT/emiKitchenFPGA_2016.4/rev1/rev1.srcs/sources_1/bd/system/ipshared/4f16/hdl/axi_gpio_v2_0_vh_rfs.vhd:173]
INFO: [Synth 8-638] synthesizing module 'cdc_sync' [c:/git/GIT/emiKitchenFPGA_2016.4/rev1/rev1.srcs/sources_1/bd/system/ipshared/52cb/hdl/lib_cdc_v1_0_rfs.vhd:106]
INFO: [Synth 8-256] done synthesizing module 'cdc_sync' (5#1) [c:/git/GIT/emiKitchenFPGA_2016.4/rev1/rev1.srcs/sources_1/bd/system/ipshared/52cb/hdl/lib_cdc_v1_0_rfs.vhd:106]
INFO: [Synth 8-256] done synthesizing module 'GPIO_Core' (6#1) [c:/git/GIT/emiKitchenFPGA_2016.4/rev1/rev1.srcs/sources_1/bd/system/ipshared/4f16/hdl/axi_gpio_v2_0_vh_rfs.vhd:173]
INFO: [Synth 8-256] done synthesizing module 'axi_gpio' (7#1) [c:/git/GIT/emiKitchenFPGA_2016.4/rev1/rev1.srcs/sources_1/bd/system/ipshared/4f16/hdl/axi_gpio_v2_0_vh_rfs.vhd:1091]
INFO: [Synth 8-256] done synthesizing module 'system_axi_gpio_3_0' (8#1) [c:/git/GIT/emiKitchenFPGA_2016.4/rev1/rev1.srcs/sources_1/bd/system/ip/system_axi_gpio_3_0_1/synth/system_axi_gpio_3_0.vhd:84]
Finished RTL Elaboration : Time (s): cpu = 00:00:09 ; elapsed = 00:00:13 . Memory (MB): peak = 356.301 ; gain = 146.328
Finished RTL Optimization Phase 1 : Time (s): cpu = 00:00:09 ; elapsed = 00:00:13 . Memory (MB): peak = 356.301 ; gain = 146.328
INFO: [Device 21-403] Loading part xc7a35ticsg324-1L
Constraint Validation Runtime : Time (s): cpu = 00:00:00 ; elapsed = 00:00:00.034 . Memory (MB): peak = 645.371 ; gain = 0.066
Finished Constraint Validation : Time (s): cpu = 00:00:16 ; elapsed = 00:00:29 . Memory (MB): peak = 645.371 ; gain = 435.398
Finished Loading Part and Timing Information : Time (s): cpu = 00:00:16 ; elapsed = 00:00:29 . Memory (MB): peak = 645.371 ; gain = 435.398
Finished applying 'set_property' XDC Constraints : Time (s): cpu = 00:00:16 ; elapsed = 00:00:29 . Memory (MB): peak = 645.371 ; gain = 435.398
Finished RTL Optimization Phase 2 : Time (s): cpu = 00:00:16 ; elapsed = 00:00:29 . Memory (MB): peak = 645.371 ; gain = 435.398
Finished Cross Boundary and Area Optimization : Time (s): cpu = 00:00:17 ; elapsed = 00:00:30 . Memory (MB): peak = 645.371 ; gain = 435.398
Finished Applying XDC Timing Constraints : Time (s): cpu = 00:00:27 ; elapsed = 00:00:40 . Memory (MB): peak = 645.371 ; gain = 435.398
Finished Timing Optimization : Time (s): cpu = 00:00:27 ; elapsed = 00:00:40 . Memory (MB): peak = 645.371 ; gain = 435.398
Finished Technology Mapping : Time (s): cpu = 00:00:27 ; elapsed = 00:00:40 . Memory (MB): peak = 645.371 ; gain = 435.398
Finished IO Insertion : Time (s): cpu = 00:00:27 ; elapsed = 00:00:40 . Memory (MB): peak = 645.371 ; gain = 435.398
Finished Renaming Generated Instances : Time (s): cpu = 00:00:27 ; elapsed = 00:00:40 . Memory (MB): peak = 645.371 ; gain = 435.398
Finished Rebuilding User Hierarchy : Time (s): cpu = 00:00:27 ; elapsed = 00:00:40 . Memory (MB): peak = 645.371 ; gain = 435.398
Finished Renaming Generated Ports : Time (s): cpu = 00:00:27 ; elapsed = 00:00:40 . Memory (MB): peak = 645.371 ; gain = 435.398
Finished Handling Custom Attributes : Time (s): cpu = 00:00:27 ; elapsed = 00:00:40 . Memory (MB): peak = 645.371 ; gain = 435.398
Finished Renaming Generated Nets : Time (s): cpu = 00:00:27 ; elapsed = 00:00:40 . Memory (MB): peak = 645.371 ; gain = 435.398

Report Cell Usage: 
+------+-----+------+
|      |Cell |Count |
+------+-----+------+
|1     |LUT1 |     2|
|2     |LUT2 |     5|
|3     |LUT3 |     4|
|4     |LUT4 |     7|
|5     |LUT5 |    11|
|6     |LUT6 |    10|
|7     |FDR  |    16|
|8     |FDRE |    41|
|9     |FDSE |     4|
+------+-----+------+
Finished Writing Synthesis Report : Time (s): cpu = 00:00:27 ; elapsed = 00:00:40 . Memory (MB): peak = 645.371 ; gain = 435.398
synth_design: Time (s): cpu = 00:00:25 ; elapsed = 00:00:34 . Memory (MB): peak = 645.371 ; gain = 411.457
